2024-11-18 11:23:19.747 [info] Reading sessions from keychain...
2024-11-18 11:23:19.747 [info] Getting sessions for all scopes...
2024-11-18 11:23:19.747 [info] Got stored sessions!
2024-11-18 11:23:19.747 [info] Got 3 verified sessions.
2024-11-18 11:23:19.747 [info] Got 3 sessions for ...
2024-11-18 11:23:19.747 [info] Getting sessions for all scopes...
2024-11-18 11:23:19.747 [info] Got 3 sessions for ...
2024-11-18 11:23:19.747 [info] Getting sessions for user:email...
2024-11-18 11:23:19.747 [info] Got 1 sessions for user:email...
2024-11-18 11:23:19.747 [info] Getting sessions for read:user,repo,user:email,workflow...
2024-11-18 11:23:19.747 [info] Got 1 sessions for read:user,repo,user:email,workflow...
2024-11-18 11:23:19.887 [info] Getting sessions for project,read:org,read:user,repo,user:email,workflow...
2024-11-18 11:23:19.887 [info] Got 0 sessions for project,read:org,read:user,repo,user:email,workflow...
2024-11-18 11:23:20.577 [info] Getting sessions for read:user,repo,user:email,workflow...
2024-11-18 11:23:20.578 [info] Got 1 sessions for read:user,repo,user:email,workflow...
2024-11-18 11:23:20.673 [info] Getting sessions for user:email...
2024-11-18 11:23:20.673 [info] Got 1 sessions for user:email...
2024-11-18 11:23:20.760 [info] Getting sessions for all scopes...
2024-11-18 11:23:20.760 [info] Got 3 sessions for ...
2024-11-18 11:23:20.766 [info] Getting sessions for read:user,repo,user:email,workflow...
2024-11-18 11:23:20.766 [info] Got 1 sessions for read:user,repo,user:email,workflow...
2024-11-18 11:23:21.922 [info] Getting sessions for read:user,repo,user:email,workflow...
2024-11-18 11:23:21.922 [info] Got 1 sessions for read:user,repo,user:email,workflow...
2024-11-18 11:23:22.007 [info] Getting sessions for all scopes...
2024-11-18 11:23:22.007 [info] Got 3 sessions for ...
