2024-11-18 10:17:09.804 [info] Log level: Info
2024-11-18 10:17:09.804 [info] Validating found git in: "git"
2024-11-18 10:17:09.804 [info] Using git "2.34.1" from "git"
2024-11-18 10:17:09.804 [info] > git rev-parse --show-toplevel [17ms]
2024-11-18 10:17:09.804 [info] > git rev-parse --git-dir --git-common-dir [15ms]
2024-11-18 10:17:09.804 [info] Open repository: /home/mouad/Documents/Epitech/Piscine/T-POO-700-STG_8
2024-11-18 10:17:09.804 [info] > git rev-parse --show-toplevel [2ms]
2024-11-18 10:17:09.804 [info] > git config --get commit.template [9ms]
2024-11-18 10:17:09.870 [info] > git rev-parse --show-toplevel [59ms]
2024-11-18 10:17:09.946 [info] > git rev-parse --show-toplevel [11ms]
2024-11-18 10:17:10.070 [info] > git for-each-ref --format=%(refname)%00%(upstream:short)%00%(objectname)%00%(upstream:track)%00%(upstream:remotename)%00%(upstream:remoteref) refs/heads/main refs/remotes/main [150ms]
2024-11-18 10:17:10.071 [info] > git rev-parse --show-toplevel [116ms]
2024-11-18 10:17:10.093 [info] > git rev-parse --show-toplevel [12ms]
2024-11-18 10:17:10.109 [info] > git rev-parse --show-toplevel [9ms]
2024-11-18 10:17:10.122 [info] > git status -z -uall [15ms]
2024-11-18 10:17:10.149 [info] > git merge-base refs/heads/main refs/remotes/origin/main [17ms]
2024-11-18 10:17:10.160 [info] > git config --get commit.template [11ms]
2024-11-18 10:17:10.162 [info] > git rev-list --count --left-right refs/heads/main...refs/remotes/origin/main [5ms]
2024-11-18 10:17:10.184 [info] > git for-each-ref --format=%(refname)%00%(upstream:short)%00%(objectname)%00%(upstream:track)%00%(upstream:remotename)%00%(upstream:remoteref) refs/heads/main refs/remotes/main [5ms]
2024-11-18 10:17:10.198 [info] > git status -z -uall [6ms]
2024-11-18 10:17:10.205 [info] > git diff --name-status -z --diff-filter=ADMR b3c6f8132965371e42def8e9ea0ab0dfa5b3aee0...refs/remotes/origin/main [33ms]
2024-11-18 10:17:10.315 [info] > git check-ignore -v -z --stdin [19ms]
2024-11-18 10:17:10.578 [info] > git config --get commit.template [9ms]
2024-11-18 10:17:10.582 [info] > git for-each-ref --format=%(refname)%00%(upstream:short)%00%(objectname)%00%(upstream:track)%00%(upstream:remotename)%00%(upstream:remoteref) refs/heads/main refs/remotes/main [5ms]
2024-11-18 10:17:10.598 [info] > git status -z -uall [6ms]
2024-11-18 10:17:11.849 [info] > git fetch [2122ms]
2024-11-18 10:17:11.866 [info] > git config --get commit.template [9ms]
2024-11-18 10:17:11.870 [info] > git for-each-ref --format=%(refname)%00%(upstream:short)%00%(objectname)%00%(upstream:track)%00%(upstream:remotename)%00%(upstream:remoteref) refs/heads/main refs/remotes/main [5ms]
2024-11-18 10:17:11.884 [info] > git status -z -uall [6ms]
2024-11-18 10:17:22.358 [info] > git config --local branch.main.github-pr-owner-number [56ms]
2024-11-18 10:17:22.358 [warning] git config failed: Failed to execute git
2024-11-18 10:17:22.525 [info] > git config --get commit.template [7ms]
2024-11-18 10:17:22.540 [info] > git for-each-ref --format=%(refname)%00%(upstream:short)%00%(objectname)%00%(upstream:track)%00%(upstream:remotename)%00%(upstream:remoteref) refs/heads/main refs/remotes/main [5ms]
2024-11-18 10:17:22.553 [info] > git status -z -uall [4ms]
2024-11-18 10:17:50.978 [info] Log level: Info
2024-11-18 10:17:50.981 [info] Validating found git in: "git"
2024-11-18 10:17:50.981 [info] Using git "2.34.1" from "git"
2024-11-18 10:17:50.981 [info] > git rev-parse --show-toplevel [319ms]
2024-11-18 10:17:51.089 [info] > git rev-parse --show-toplevel [5ms]
2024-11-18 10:17:51.102 [info] > git rev-parse --show-toplevel [2ms]
2024-11-18 10:17:51.143 [info] > git rev-parse --show-toplevel [3ms]
2024-11-18 10:18:05.447 [info] > git rev-parse --show-toplevel [3ms]
2024-11-18 10:18:05.478 [info] > git rev-parse --git-dir --git-common-dir [16ms]
2024-11-18 10:18:05.507 [info] Open repository: /home/mouad/Documents/Epitech/Trinity/DevOps
2024-11-18 10:18:05.542 [info] > git config --get commit.template [5ms]
2024-11-18 10:18:05.573 [info] > git for-each-ref --format=%(refname)%00%(upstream:short)%00%(objectname)%00%(upstream:track)%00%(upstream:remotename)%00%(upstream:remoteref) refs/heads/main refs/remotes/main [11ms]
2024-11-18 10:18:05.597 [info] > git status -z -uall [4ms]
2024-11-18 10:18:05.657 [info] > git merge-base refs/heads/main refs/remotes/origin/main [41ms]
2024-11-18 10:18:05.677 [info] > git config --get commit.template [20ms]
2024-11-18 10:18:05.691 [info] > git rev-list --count --left-right refs/heads/main...refs/remotes/origin/main [16ms]
2024-11-18 10:18:05.727 [info] > git diff --name-status -z --diff-filter=ADMR 7207c98009df16ecc81e3a3d60463bbf11f6898a...refs/remotes/origin/main [19ms]
2024-11-18 10:18:05.729 [info] > git for-each-ref --format=%(refname)%00%(upstream:short)%00%(objectname)%00%(upstream:track)%00%(upstream:remotename)%00%(upstream:remoteref) refs/heads/main refs/remotes/main [4ms]
2024-11-18 10:18:05.749 [info] > git status -z -uall [3ms]
2024-11-18 10:18:06.071 [info] > git check-ignore -v -z --stdin [13ms]
2024-11-18 10:18:06.422 [info] > git config --local branch.main.github-pr-owner-number [2ms]
2024-11-18 10:18:06.422 [warning] git config failed: Failed to execute git
2024-11-18 10:18:08.450 [info] > git check-ignore -v -z --stdin [1ms]
2024-11-18 10:18:14.000 [info] > git show --textconv :backend/backend/Program.cs [23ms]
2024-11-18 10:18:14.006 [info] > git ls-files --stage -- /home/mouad/Documents/Epitech/Trinity/DevOps/backend/backend/Program.cs [7ms]
2024-11-18 10:18:14.024 [info] > git cat-file -s df2434ce317e34820ce9ff7772e5e9ae829eabf8 [2ms]
2024-11-18 10:18:14.062 [info] > git fetch [8554ms]
2024-11-18 10:18:14.062 [info] From https://t-dev.epitest.eu/STG_9/T-DEV-701-Devops
   9e444253..ebbd1464  main       -> origin/main
 * [new branch]        mobile     -> origin/mobile
2024-11-18 10:18:14.095 [info] > git config --get commit.template [15ms]
2024-11-18 10:18:14.098 [info] > git for-each-ref --format=%(refname)%00%(upstream:short)%00%(objectname)%00%(upstream:track)%00%(upstream:remotename)%00%(upstream:remoteref) refs/heads/main refs/remotes/main [4ms]
2024-11-18 10:18:14.118 [info] > git status -z -uall [6ms]
2024-11-18 10:18:14.154 [info] > git merge-base refs/heads/main refs/remotes/origin/main [22ms]
2024-11-18 10:18:14.172 [info] > git config --local branch.main.github-pr-owner-number [19ms]
2024-11-18 10:18:14.172 [warning] git config failed: Failed to execute git
2024-11-18 10:18:14.173 [info] > git rev-list --count --left-right refs/heads/main...refs/remotes/origin/main [5ms]
2024-11-18 10:18:14.190 [info] > git diff --name-status -z --diff-filter=ADMR 7207c98009df16ecc81e3a3d60463bbf11f6898a...refs/remotes/origin/main [4ms]
2024-11-18 10:18:15.205 [info] > git config --get commit.template [17ms]
2024-11-18 10:18:15.208 [info] > git for-each-ref --format=%(refname)%00%(upstream:short)%00%(objectname)%00%(upstream:track)%00%(upstream:remotename)%00%(upstream:remoteref) refs/heads/main refs/remotes/main [4ms]
2024-11-18 10:18:15.227 [info] > git status -z -uall [3ms]
2024-11-18 10:18:15.292 [info] > git ls-files --stage -- /home/mouad/Documents/Epitech/Trinity/DevOps/backend/backend/Program.cs [2ms]
2024-11-18 10:18:15.309 [info] > git cat-file -s df2434ce317e34820ce9ff7772e5e9ae829eabf8 [2ms]
2024-11-18 10:18:15.329 [info] > git show --textconv :backend/backend/Program.cs [3ms]
2024-11-18 10:18:41.048 [info] > git show --textconv :backend/backend/Program.cs [43ms]
2024-11-18 10:18:41.048 [info] > git ls-files --stage -- /home/mouad/Documents/Epitech/Trinity/DevOps/backend/backend/Program.cs [26ms]
2024-11-18 10:18:41.064 [info] > git cat-file -s df2434ce317e34820ce9ff7772e5e9ae829eabf8 [5ms]
2024-11-18 10:18:46.276 [info] > git config --get commit.template [18ms]
2024-11-18 10:18:46.294 [info] > git for-each-ref --format=%(refname)%00%(upstream:short)%00%(objectname)%00%(upstream:track)%00%(upstream:remotename)%00%(upstream:remoteref) refs/heads/main refs/remotes/main [19ms]
2024-11-18 10:18:46.320 [info] > git status -z -uall [12ms]
2024-11-18 10:18:51.346 [info] > git config --get commit.template [10ms]
2024-11-18 10:18:51.349 [info] > git for-each-ref --format=%(refname)%00%(upstream:short)%00%(objectname)%00%(upstream:track)%00%(upstream:remotename)%00%(upstream:remoteref) refs/heads/main refs/remotes/main [3ms]
2024-11-18 10:18:51.363 [info] > git status -z -uall [3ms]
2024-11-18 10:20:19.274 [info] > git check-ignore -v -z --stdin [14ms]
2024-11-18 10:20:20.009 [info] > git show --textconv :backend/backend/Controllers/WeatherForecastController.cs [22ms]
2024-11-18 10:20:20.011 [info] > git ls-files --stage -- /home/mouad/Documents/Epitech/Trinity/DevOps/backend/backend/Controllers/WeatherForecastController.cs [5ms]
2024-11-18 10:20:20.032 [info] > git cat-file -s 5455c63b1f746f23249f5abab4e0c96c314e040e [2ms]
2024-11-18 10:20:23.183 [info] > git show --textconv :backend/backend/Program.cs [17ms]
2024-11-18 10:20:23.185 [info] > git ls-files --stage -- /home/mouad/Documents/Epitech/Trinity/DevOps/backend/backend/Program.cs [3ms]
2024-11-18 10:20:23.201 [info] > git cat-file -s df2434ce317e34820ce9ff7772e5e9ae829eabf8 [3ms]
2024-11-18 10:20:25.900 [info] > git show --textconv :backend/backend/Controllers/WeatherForecastController.cs [20ms]
2024-11-18 10:20:25.902 [info] > git ls-files --stage -- /home/mouad/Documents/Epitech/Trinity/DevOps/backend/backend/Controllers/WeatherForecastController.cs [3ms]
2024-11-18 10:20:25.922 [info] > git cat-file -s 5455c63b1f746f23249f5abab4e0c96c314e040e [2ms]
2024-11-18 10:20:45.084 [info] > git show --textconv :backend/backend/Program.cs [23ms]
2024-11-18 10:20:45.088 [info] > git ls-files --stage -- /home/mouad/Documents/Epitech/Trinity/DevOps/backend/backend/Program.cs [5ms]
2024-11-18 10:20:45.113 [info] > git cat-file -s df2434ce317e34820ce9ff7772e5e9ae829eabf8 [5ms]
2024-11-18 10:20:46.966 [info] > git show --textconv :backend/backend/Controllers/WeatherForecastController.cs [16ms]
2024-11-18 10:20:46.968 [info] > git ls-files --stage -- /home/mouad/Documents/Epitech/Trinity/DevOps/backend/backend/Controllers/WeatherForecastController.cs [3ms]
2024-11-18 10:20:46.986 [info] > git cat-file -s 5455c63b1f746f23249f5abab4e0c96c314e040e [4ms]
2024-11-18 10:20:48.499 [info] > git show --textconv :backend/backend/Program.cs [16ms]
2024-11-18 10:20:48.501 [info] > git ls-files --stage -- /home/mouad/Documents/Epitech/Trinity/DevOps/backend/backend/Program.cs [3ms]
2024-11-18 10:20:48.518 [info] > git cat-file -s df2434ce317e34820ce9ff7772e5e9ae829eabf8 [3ms]
2024-11-18 10:20:49.291 [info] > git show --textconv :backend/backend/Controllers/WeatherForecastController.cs [18ms]
2024-11-18 10:20:49.295 [info] > git ls-files --stage -- /home/mouad/Documents/Epitech/Trinity/DevOps/backend/backend/Controllers/WeatherForecastController.cs [5ms]
2024-11-18 10:20:49.313 [info] > git cat-file -s 5455c63b1f746f23249f5abab4e0c96c314e040e [3ms]
2024-11-18 10:20:50.986 [info] > git show --textconv :backend/backend/Program.cs [20ms]
2024-11-18 10:20:50.987 [info] > git ls-files --stage -- /home/mouad/Documents/Epitech/Trinity/DevOps/backend/backend/Program.cs [4ms]
2024-11-18 10:20:51.004 [info] > git cat-file -s df2434ce317e34820ce9ff7772e5e9ae829eabf8 [4ms]
2024-11-18 10:21:15.411 [info] > git ls-files --stage -- /home/mouad/Documents/Epitech/Trinity/DevOps/backend/backend/Program.cs [17ms]
2024-11-18 10:21:15.430 [info] > git cat-file -s df2434ce317e34820ce9ff7772e5e9ae829eabf8 [3ms]
2024-11-18 10:21:15.452 [info] > git show --textconv :backend/backend/Program.cs [3ms]
2024-11-18 10:21:16.686 [info] > git fetch [2532ms]
2024-11-18 10:21:16.753 [info] > git for-each-ref --format=%(refname)%00%(upstream:short)%00%(objectname)%00%(upstream:track)%00%(upstream:remotename)%00%(upstream:remoteref) refs/heads/main refs/remotes/main [31ms]
2024-11-18 10:21:16.753 [info] > git config --get commit.template [50ms]
2024-11-18 10:21:16.782 [info] > git status -z -uall [8ms]
2024-11-18 10:21:17.879 [info] > git ls-files --stage -- /home/mouad/Documents/Epitech/Trinity/DevOps/backend/backend/Program.cs [2ms]
2024-11-18 10:21:17.898 [info] > git cat-file -s df2434ce317e34820ce9ff7772e5e9ae829eabf8 [2ms]
2024-11-18 10:21:17.919 [info] > git show --textconv :backend/backend/Program.cs [2ms]
2024-11-18 10:21:23.744 [info] > git show --textconv :backend/backend/Controllers/WeatherForecastController.cs [22ms]
2024-11-18 10:21:23.749 [info] > git ls-files --stage -- /home/mouad/Documents/Epitech/Trinity/DevOps/backend/backend/Controllers/WeatherForecastController.cs [7ms]
2024-11-18 10:21:23.781 [info] > git cat-file -s 5455c63b1f746f23249f5abab4e0c96c314e040e [16ms]
2024-11-18 10:23:04.585 [info] > git show --textconv :backend/backend/Controllers/WeatherForecastController.cs [18ms]
2024-11-18 10:23:04.590 [info] > git ls-files --stage -- /home/mouad/Documents/Epitech/Trinity/DevOps/backend/backend/Controllers/WeatherForecastController.cs [5ms]
2024-11-18 10:23:04.611 [info] > git cat-file -s 5455c63b1f746f23249f5abab4e0c96c314e040e [2ms]
2024-11-18 10:23:05.506 [info] > git config --local branch.main.github-pr-owner-number [2ms]
2024-11-18 10:23:05.506 [warning] git config failed: Failed to execute git
2024-11-18 10:23:12.830 [info] > git config --get commit.template [18ms]
2024-11-18 10:23:12.833 [info] > git for-each-ref --format=%(refname)%00%(upstream:short)%00%(objectname)%00%(upstream:track)%00%(upstream:remotename)%00%(upstream:remoteref) refs/heads/main refs/remotes/main [5ms]
2024-11-18 10:23:12.853 [info] > git status -z -uall [6ms]
2024-11-18 10:23:17.888 [info] > git config --get commit.template [16ms]
2024-11-18 10:23:17.891 [info] > git for-each-ref --format=%(refname)%00%(upstream:short)%00%(objectname)%00%(upstream:track)%00%(upstream:remotename)%00%(upstream:remoteref) refs/heads/main refs/remotes/main [3ms]
2024-11-18 10:23:17.909 [info] > git status -z -uall [3ms]
2024-11-18 10:23:21.471 [info] > git check-ignore -v -z --stdin [2ms]
2024-11-18 10:23:26.635 [info] > git config --get commit.template [20ms]
2024-11-18 10:23:26.638 [info] > git for-each-ref --format=%(refname)%00%(upstream:short)%00%(objectname)%00%(upstream:track)%00%(upstream:remotename)%00%(upstream:remoteref) refs/heads/main refs/remotes/main [4ms]
2024-11-18 10:23:26.662 [info] > git status -z -uall [4ms]
2024-11-18 10:28:05.589 [info] > git config --local branch.main.github-pr-owner-number [31ms]
2024-11-18 10:28:05.590 [warning] git config failed: Failed to execute git
2024-11-18 10:33:05.626 [info] > git config --local branch.main.github-pr-owner-number [14ms]
2024-11-18 10:33:05.626 [warning] git config failed: Failed to execute git
2024-11-18 10:38:05.651 [info] > git config --local branch.main.github-pr-owner-number [2ms]
2024-11-18 10:38:05.652 [warning] git config failed: Failed to execute git
2024-11-18 10:43:05.675 [info] > git config --local branch.main.github-pr-owner-number [2ms]
2024-11-18 10:43:05.675 [warning] git config failed: Failed to execute git
2024-11-18 10:46:45.947 [info] > git check-ignore -v -z --stdin [14ms]
2024-11-18 10:48:05.696 [info] > git config --local branch.main.github-pr-owner-number [2ms]
2024-11-18 10:48:05.696 [warning] git config failed: Failed to execute git
2024-11-18 10:53:05.726 [info] > git config --local branch.main.github-pr-owner-number [3ms]
2024-11-18 10:53:05.726 [warning] git config failed: Failed to execute git
2024-11-18 10:58:05.796 [info] > git config --local branch.main.github-pr-owner-number [25ms]
2024-11-18 10:58:05.797 [warning] git config failed: Failed to execute git
