2024-11-18T10:17:22:424 [info]: GitLab Language Server is starting (v6.10.0)
2024-11-18T10:17:22:474 [info]: [HttpServer]: server listening on http://127.0.0.1:44591/
2024-11-18T10:17:22:476 [info]: [Webview] Webview runtime setup completed successfully
2024-11-18T10:17:22:476 [info]: GitLab Language Server has started
2024-11-18T10:17:22:480 [warning]: Failed to parse user-configured Code Suggestions languages. Code Suggestions will still work for the default languages.
2024-11-18T10:17:22:480 [warning]: Invalid configuration for disabled Code Suggestions languages. All default languages remain enabled.
2024-11-18T10:17:22:481 [info]: Snowplow Telemetry: GitLab Duo Code Suggestions telemetry is enabled.
2024-11-18T10:17:22:482 [info]: Instance Telemetry: GitLab Duo Code Suggestions telemetry is enabled.
2024-11-18T10:17:22:482 [warning]: Failed to parse user-configured Code Suggestions languages. Code Suggestions will still work for the default languages.
2024-11-18T10:17:22:482 [warning]: Invalid configuration for disabled Code Suggestions languages. All default languages remain enabled.
2024-11-18T10:17:22:483 [info]: Snowplow Telemetry: GitLab Duo Code Suggestions telemetry is enabled.
2024-11-18T10:17:22:483 [info]: Instance Telemetry: GitLab Duo Code Suggestions telemetry is enabled.
2024-11-18T10:17:22:483 [warning]: Failed to parse user-configured Code Suggestions languages. Code Suggestions will still work for the default languages.
2024-11-18T10:17:22:483 [warning]: Invalid configuration for disabled Code Suggestions languages. All default languages remain enabled.
2024-11-18T10:17:22:483 [info]: Snowplow Telemetry: GitLab Duo Code Suggestions telemetry is enabled.
2024-11-18T10:17:22:483 [info]: Instance Telemetry: GitLab Duo Code Suggestions telemetry is enabled.
2024-11-18T10:17:22:483 [warning]: Failed to parse user-configured Code Suggestions languages. Code Suggestions will still work for the default languages.
2024-11-18T10:17:22:484 [warning]: Invalid configuration for disabled Code Suggestions languages. All default languages remain enabled.
2024-11-18T10:17:22:484 [info]: Snowplow Telemetry: GitLab Duo Code Suggestions telemetry is enabled.
2024-11-18T10:17:22:484 [info]: Instance Telemetry: GitLab Duo Code Suggestions telemetry is enabled.
2024-11-18T10:17:22:484 [warning]: Failed to parse user-configured Code Suggestions languages. Code Suggestions will still work for the default languages.
2024-11-18T10:17:22:484 [warning]: Invalid configuration for disabled Code Suggestions languages. All default languages remain enabled.
2024-11-18T10:17:22:484 [info]: Snowplow Telemetry: GitLab Duo Code Suggestions telemetry is enabled.
2024-11-18T10:17:22:484 [info]: Instance Telemetry: GitLab Duo Code Suggestions telemetry is enabled.
