2024-11-18 13:49:01.158 [info] Log level: Info
2024-11-18 13:49:01.158 [info] Validating found git in: "git"
2024-11-18 13:49:01.158 [info] Using git "2.34.1" from "git"
2024-11-18 13:49:01.158 [info] > git rev-parse --show-toplevel [11ms]
2024-11-18 13:49:01.158 [info] > git rev-parse --git-dir --git-common-dir [7ms]
2024-11-18 13:49:01.158 [info] Open repository: /home/mouad/Documents/Epitech/Trinity/DevOps
2024-11-18 13:49:01.161 [info] > git rev-parse --show-toplevel [205ms]
2024-11-18 13:49:01.162 [info] > git config --get commit.template [214ms]
2024-11-18 13:49:01.374 [info] > git rev-parse --show-toplevel [89ms]
2024-11-18 13:49:01.405 [info] > git for-each-ref --format=%(refname)%00%(upstream:short)%00%(objectname)%00%(upstream:track)%00%(upstream:remotename)%00%(upstream:remoteref) refs/heads/tests/init refs/remotes/tests/init [50ms]
2024-11-18 13:49:01.444 [info] > git status -z -uall [28ms]
2024-11-18 13:49:01.444 [info] > git rev-parse --show-toplevel [40ms]
2024-11-18 13:49:01.507 [info] > git check-ignore -v -z --stdin [27ms]
2024-11-18 13:49:01.508 [info] > git rev-parse --show-toplevel [44ms]
2024-11-18 13:49:01.665 [info] > git config --get commit.template [157ms]
2024-11-18 13:49:01.669 [info] > git rev-parse --show-toplevel [15ms]
2024-11-18 13:49:01.691 [info] > git fetch [3526ms]
2024-11-18 13:49:01.759 [info] > git show --textconv :backend/backend/Controllers/WeatherForecastController.cs [78ms]
2024-11-18 13:49:01.760 [info] > git ls-files --stage -- /home/mouad/Documents/Epitech/Trinity/DevOps/backend/backend/Controllers/WeatherForecastController.cs [69ms]
2024-11-18 13:49:01.800 [info] > git cat-file -s 5455c63b1f746f23249f5abab4e0c96c314e040e [29ms]
2024-11-18 13:49:01.801 [info] > git config --get commit.template [58ms]
2024-11-18 13:49:01.801 [info] > git for-each-ref --format=%(refname)%00%(upstream:short)%00%(objectname)%00%(upstream:track)%00%(upstream:remotename)%00%(upstream:remoteref) refs/heads/tests/init refs/remotes/tests/init [69ms]
2024-11-18 13:49:01.889 [info] > git for-each-ref --format=%(refname)%00%(upstream:short)%00%(objectname)%00%(upstream:track)%00%(upstream:remotename)%00%(upstream:remoteref) refs/heads/tests/init refs/remotes/tests/init [24ms]
2024-11-18 13:49:01.971 [info] > git status -z -uall [70ms]
2024-11-18 13:49:02.460 [info] > git config --local branch.tests/init.github-pr-owner-number [7ms]
2024-11-18 13:49:02.460 [warning] git config failed: Failed to execute git
2024-11-18 13:49:02.481 [info] > git config --local branch.tests/init.remote [6ms]
2024-11-18 13:49:02.481 [warning] git config failed: Failed to execute git
2024-11-18 13:49:02.497 [info] > git config --local branch.tests/init.merge [4ms]
2024-11-18 13:49:02.497 [warning] git config failed: Failed to execute git
2024-11-18 13:49:02.755 [info] > git config --get commit.template [8ms]
2024-11-18 13:49:02.778 [info] > git for-each-ref --format=%(refname)%00%(upstream:short)%00%(objectname)%00%(upstream:track)%00%(upstream:remotename)%00%(upstream:remoteref) refs/heads/tests/init refs/remotes/tests/init [3ms]
2024-11-18 13:49:02.796 [info] > git status -z -uall [5ms]
2024-11-18 13:49:02.847 [info] > git ls-files --stage -- /home/mouad/Documents/Epitech/Trinity/DevOps/backend/backend/Controllers/WeatherForecastController.cs [2ms]
2024-11-18 13:49:02.862 [info] > git cat-file -s 5455c63b1f746f23249f5abab4e0c96c314e040e [2ms]
2024-11-18 13:49:02.882 [info] > git show --textconv :backend/backend/Controllers/WeatherForecastController.cs [6ms]
2024-11-18 13:49:07.969 [info] > git check-ignore -v -z --stdin [1859ms]
2024-11-18 13:49:17.086 [info] > git config --get commit.template [16ms]
2024-11-18 13:49:17.087 [info] > git for-each-ref --format=%(refname)%00%(upstream:short)%00%(objectname)%00%(upstream:track)%00%(upstream:remotename)%00%(upstream:remoteref) refs/heads/tests/init refs/remotes/tests/init [2ms]
2024-11-18 13:49:17.103 [info] > git status -z -uall [3ms]
2024-11-18 13:49:17.174 [info] > git ls-files --stage -- /home/mouad/Documents/Epitech/Trinity/DevOps/backend/backend/Controllers/WeatherForecastController.cs [2ms]
2024-11-18 13:49:17.190 [info] > git cat-file -s 5455c63b1f746f23249f5abab4e0c96c314e040e [2ms]
2024-11-18 13:49:17.210 [info] > git show --textconv :backend/backend/Controllers/WeatherForecastController.cs [2ms]
2024-11-18 13:49:29.268 [info] > git check-ignore -v -z --stdin [15ms]
2024-11-18 13:50:48.227 [info] > git config --get commit.template [24ms]
2024-11-18 13:50:48.247 [info] > git ls-files --stage -- /home/mouad/Documents/Epitech/Trinity/DevOps/backend/backend/Controllers/WeatherForecastController.cs [22ms]
2024-11-18 13:50:48.266 [info] > git for-each-ref --format=%(refname)%00%(upstream:short)%00%(objectname)%00%(upstream:track)%00%(upstream:remotename)%00%(upstream:remoteref) refs/heads/tests/init refs/remotes/tests/init [20ms]
2024-11-18 13:50:48.284 [info] > git cat-file -s 5455c63b1f746f23249f5abab4e0c96c314e040e [20ms]
2024-11-18 13:50:48.286 [info] > git status -z -uall [3ms]
2024-11-18 13:50:48.307 [info] > git show --textconv :backend/backend/Controllers/WeatherForecastController.cs [3ms]
2024-11-18 13:51:51.814 [info] > git config --get commit.template [18ms]
2024-11-18 13:51:51.830 [info] > git ls-files --stage -- /home/mouad/Documents/Epitech/Trinity/DevOps/backend/backend/Controllers/WeatherForecastController.cs [17ms]
2024-11-18 13:51:51.844 [info] > git for-each-ref --format=%(refname)%00%(upstream:short)%00%(objectname)%00%(upstream:track)%00%(upstream:remotename)%00%(upstream:remoteref) refs/heads/tests/init refs/remotes/tests/init [15ms]
2024-11-18 13:51:51.859 [info] > git cat-file -s 5455c63b1f746f23249f5abab4e0c96c314e040e [15ms]
2024-11-18 13:51:51.875 [info] > git status -z -uall [17ms]
2024-11-18 13:51:51.879 [info] > git show --textconv :backend/backend/Controllers/WeatherForecastController.cs [5ms]
2024-11-18 13:54:01.936 [info] > git config --local branch.tests/init.github-pr-owner-number [1ms]
2024-11-18 13:54:01.936 [warning] git config failed: Failed to execute git
2024-11-18 13:59:01.955 [info] > git config --local branch.tests/init.github-pr-owner-number [2ms]
2024-11-18 13:59:01.956 [warning] git config failed: Failed to execute git
2024-11-18 14:04:01.978 [info] > git config --local branch.tests/init.github-pr-owner-number [2ms]
2024-11-18 14:04:01.979 [warning] git config failed: Failed to execute git
2024-11-18 14:09:02.000 [info] > git config --local branch.tests/init.github-pr-owner-number [2ms]
2024-11-18 14:09:02.000 [warning] git config failed: Failed to execute git
2024-11-18 14:14:02.019 [info] > git config --local branch.tests/init.github-pr-owner-number [2ms]
2024-11-18 14:14:02.019 [warning] git config failed: Failed to execute git
2024-11-18 14:54:04.261 [info] > git config --get commit.template [19ms]
2024-11-18 14:54:04.263 [info] > git ls-files --stage -- /home/mouad/Documents/Epitech/Trinity/DevOps/backend/backend/Controllers/WeatherForecastController.cs [4ms]
2024-11-18 14:54:04.296 [info] > git cat-file -s f71653daf7c381f96de0d4a5fb899c0cb3b974d5 [18ms]
2024-11-18 14:54:04.298 [info] > git for-each-ref --format=%(refname)%00%(upstream:short)%00%(objectname)%00%(upstream:track)%00%(upstream:remotename)%00%(upstream:remoteref) refs/heads/main refs/remotes/main [3ms]
2024-11-18 14:54:04.318 [info] > git show --textconv :backend/backend/Controllers/WeatherForecastController.cs [4ms]
2024-11-18 14:54:04.340 [info] > git status -z -uall [5ms]
2024-11-18 14:54:04.388 [info] > git merge-base refs/heads/main refs/remotes/origin/main [28ms]
2024-11-18 14:54:04.408 [info] > git config --local branch.main.github-pr-owner-number [21ms]
2024-11-18 14:54:04.408 [warning] git config failed: Failed to execute git
2024-11-18 14:54:04.410 [info] > git rev-list --count --left-right refs/heads/main...refs/remotes/origin/main [4ms]
2024-11-18 14:54:04.432 [info] > git diff --name-status -z --diff-filter=ADMR ebbd1464fe6b4e9f0ad60a5c73e5ae82af47ba90...refs/remotes/origin/main [6ms]
2024-11-18 14:54:05.440 [info] > git ls-files --stage -- /home/mouad/Documents/Epitech/Trinity/DevOps/backend/backend/Controllers/WeatherForecastController.cs [2ms]
2024-11-18 14:54:05.458 [info] > git cat-file -s f71653daf7c381f96de0d4a5fb899c0cb3b974d5 [1ms]
2024-11-18 14:54:05.478 [info] > git show --textconv :backend/backend/Controllers/WeatherForecastController.cs [2ms]
