2024-11-18 16:18:12.953 [info] Reading sessions from keychain...
2024-11-18 16:18:12.953 [info] Getting sessions for all scopes...
2024-11-18 16:18:12.953 [info] Getting sessions for user:email...
2024-11-18 16:18:12.953 [info] Getting sessions for all scopes...
2024-11-18 16:18:12.953 [info] Got stored sessions!
2024-11-18 16:18:12.953 [info] Got 3 verified sessions.
2024-11-18 16:18:12.953 [info] Got 3 sessions for ...
2024-11-18 16:18:12.953 [info] Got 1 sessions for user:email...
2024-11-18 16:18:12.953 [info] Got 3 sessions for ...
2024-11-18 16:18:13.277 [info] Getting sessions for read:user,repo,user:email,workflow...
2024-11-18 16:18:13.277 [info] Got 1 sessions for read:user,repo,user:email,workflow...
2024-11-18 16:18:13.498 [info] Getting sessions for project,read:org,read:user,repo,user:email,workflow...
2024-11-18 16:18:13.498 [info] Got 0 sessions for project,read:org,read:user,repo,user:email,workflow...
2024-11-18 16:18:13.498 [info] Getting sessions for read:user,repo,user:email,workflow...
2024-11-18 16:18:13.498 [info] Got 1 sessions for read:user,repo,user:email,workflow...
2024-11-18 16:18:13.562 [info] Getting sessions for all scopes...
2024-11-18 16:18:13.562 [info] Got 3 sessions for ...
2024-11-18 16:18:13.564 [info] Getting sessions for read:user,repo,user:email,workflow...
2024-11-18 16:18:13.564 [info] Got 1 sessions for read:user,repo,user:email,workflow...
2024-11-18 16:18:14.108 [info] Getting sessions for read:user,repo,user:email,workflow...
2024-11-18 16:18:14.108 [info] Got 1 sessions for read:user,repo,user:email,workflow...
2024-11-18 16:18:14.215 [info] Getting sessions for all scopes...
2024-11-18 16:18:14.215 [info] Got 3 sessions for ...
2024-11-18 16:18:26.712 [info] Reading sessions from keychain...
2024-11-18 16:18:26.712 [info] Getting sessions for all scopes...
2024-11-18 16:18:26.712 [info] Getting sessions for user:email...
2024-11-18 16:18:26.823 [info] Got stored sessions!
2024-11-18 16:18:26.823 [info] Got 3 verified sessions.
2024-11-18 16:18:26.824 [info] Got 3 sessions for ...
2024-11-18 16:18:26.824 [info] Got 1 sessions for user:email...
2024-11-18 16:18:31.024 [info] Getting sessions for read:user,repo,user:email,workflow...
2024-11-18 16:18:31.025 [info] Got 1 sessions for read:user,repo,user:email,workflow...
2024-11-18 16:18:31.045 [info] Getting sessions for read:user,repo,user:email,workflow...
2024-11-18 16:18:31.046 [info] Got 1 sessions for read:user,repo,user:email,workflow...
2024-11-18 16:18:31.140 [info] Getting sessions for project,read:org,read:user,repo,user:email,workflow...
2024-11-18 16:18:31.140 [info] Got 0 sessions for project,read:org,read:user,repo,user:email,workflow...
2024-11-18 16:18:31.371 [info] Getting sessions for all scopes...
2024-11-18 16:18:31.371 [info] Got 3 sessions for ...
2024-11-18 16:18:31.750 [info] Getting sessions for read:user,repo,user:email,workflow...
2024-11-18 16:18:31.751 [info] Got 1 sessions for read:user,repo,user:email,workflow...
2024-11-18 16:18:31.765 [info] Getting sessions for user:email...
2024-11-18 16:18:31.765 [info] Got 1 sessions for user:email...
2024-11-18 16:18:31.832 [info] Getting sessions for all scopes...
2024-11-18 16:18:31.832 [info] Got 3 sessions for ...
2024-11-18 16:18:32.316 [info] Getting sessions for read:user,repo,user:email,workflow...
2024-11-18 16:18:32.316 [info] Got 1 sessions for read:user,repo,user:email,workflow...
2024-11-18 16:18:32.443 [info] Getting sessions for all scopes...
2024-11-18 16:18:32.443 [info] Got 3 sessions for ...
