2024-10-10 11:58:28.043 [info] /home/mouad/Documents/Epitech/Piscine/T-POO-700-STG_8/docker-compose.yml closed
2024-10-10 11:58:28.068 [info] Active editor: file:///home/mouad/Documents/Epitech/Piscine/T-POO-700-STG_8/TimeManager/lib/time_manager/timetracking/infrastructure/controllers/working-time.controller.ex
2024-10-10 11:58:28.129 [info] /home/mouad/Documents/Epitech/Piscine/T-POO-700-STG_8/docker-compose.yml.git closed
2024-10-10 11:58:50.853 [info] Active editor: file:///home/mouad/Documents/Epitech/Piscine/T-POO-700-STG_8/TimeManager/lib/time_manager/timetracking/infrastructure/controllers/working-time.controller.ex
2024-10-10 11:59:45.882 [info] Active editor: file:///home/mouad/Documents/Epitech/Piscine/T-POO-700-STG_8/TimeManager/lib/time_manager/accounts/infrastructure/controllers/user.controller.ex
2024-10-10 11:59:57.017 [info] Active editor: file:///home/mouad/Documents/Epitech/Piscine/T-POO-700-STG_8/TimeManager/lib/time_manager/accounts/infrastructure/controllers/user.controller.ex
2024-10-10 12:00:16.982 [info] Active editor: file:///home/mouad/Documents/Epitech/Piscine/T-POO-700-STG_8/TimeManager/lib/time_manager/timetracking/infrastructure/controllers/working-time.controller.ex
2024-10-10 12:00:20.489 [info] Active editor: git:/home/mouad/Documents/Epitech/Piscine/T-POO-700-STG_8/TimeManager/lib/time_manager/accounts/infrastructure/controllers/user.controller.ex?%7B%22path%22%3A%22%2Fhome%2Fmouad%2FDocuments%2FEpitech%2FPiscine%2FT-POO-700-STG_8%2FTimeManager%2Flib%2Ftime_manager%2Faccounts%2Finfrastructure%2Fcontrollers%2Fuser.controller.ex%22%2C%22ref%22%3A%22%22%7D
2024-10-10 12:00:21.824 [info] Active editor: git:/home/mouad/Documents/Epitech/Piscine/T-POO-700-STG_8/TimeManager/lib/time_manager/timetracking/infrastructure/controllers/clock.controller.ex?%7B%22path%22%3A%22%2Fhome%2Fmouad%2FDocuments%2FEpitech%2FPiscine%2FT-POO-700-STG_8%2FTimeManager%2Flib%2Ftime_manager%2Ftimetracking%2Finfrastructure%2Fcontrollers%2Fclock.controller.ex%22%2C%22ref%22%3A%22%22%7D
2024-10-10 12:00:22.437 [info] Active editor: file:///home/mouad/Documents/Epitech/Piscine/T-POO-700-STG_8/TimeManager/lib/time_manager/timetracking/infrastructure/controllers/working-time.controller.ex
2024-10-10 12:00:29.588 [info] Active editor: file:///home/mouad/Documents/Epitech/Piscine/T-POO-700-STG_8/TimeManager/lib/time_manager/timetracking/infrastructure/controllers/working-time.controller.ex
2024-10-10 12:00:35.287 [info] Active editor: git:/home/mouad/Documents/Epitech/Piscine/T-POO-700-STG_8/TimeManager/lib/time_manager/timetracking/infrastructure/controllers/working-time.controller.ex?%7B%22path%22%3A%22%2Fhome%2Fmouad%2FDocuments%2FEpitech%2FPiscine%2FT-POO-700-STG_8%2FTimeManager%2Flib%2Ftime_manager%2Ftimetracking%2Finfrastructure%2Fcontrollers%2Fworking-time.controller.ex%22%2C%22ref%22%3A%22%3A3%22%7D
2024-10-10 12:00:59.175 [info] Active editor: file:///home/mouad/Documents/Epitech/Piscine/T-POO-700-STG_8/TimeManager/lib/time_manager/timetracking/infrastructure/controllers/working-time.controller.ex
2024-10-10 12:00:59.193 [info] Active editor: file:///home/mouad/Documents/Epitech/Piscine/T-POO-700-STG_8/TimeManager/lib/time_manager/timetracking/infrastructure/controllers/working-time.controller.ex
2024-10-10 12:01:01.690 [info] Active editor: git:/home/mouad/Documents/Epitech/Piscine/T-POO-700-STG_8/TimeManager/lib/time_manager/timetracking/infrastructure/controllers/working-time.controller.ex?%7B%22path%22%3A%22%2Fhome%2Fmouad%2FDocuments%2FEpitech%2FPiscine%2FT-POO-700-STG_8%2FTimeManager%2Flib%2Ftime_manager%2Ftimetracking%2Finfrastructure%2Fcontrollers%2Fworking-time.controller.ex%22%2C%22ref%22%3A%22%22%7D
2024-10-10 12:01:02.527 [info] Active editor: git:/home/mouad/Documents/Epitech/Piscine/T-POO-700-STG_8/TimeManager/lib/time_manager/timetracking/infrastructure/controllers/clock.controller.ex?%7B%22path%22%3A%22%2Fhome%2Fmouad%2FDocuments%2FEpitech%2FPiscine%2FT-POO-700-STG_8%2FTimeManager%2Flib%2Ftime_manager%2Ftimetracking%2Finfrastructure%2Fcontrollers%2Fclock.controller.ex%22%2C%22ref%22%3A%22%22%7D
2024-10-10 12:01:03.255 [info] Active editor: git:/home/mouad/Documents/Epitech/Piscine/T-POO-700-STG_8/TimeManager/lib/time_manager/accounts/infrastructure/controllers/user.controller.ex?%7B%22path%22%3A%22%2Fhome%2Fmouad%2FDocuments%2FEpitech%2FPiscine%2FT-POO-700-STG_8%2FTimeManager%2Flib%2Ftime_manager%2Faccounts%2Finfrastructure%2Fcontrollers%2Fuser.controller.ex%22%2C%22ref%22%3A%22%22%7D
2024-10-10 12:01:13.216 [info] /home/mouad/Documents/Epitech/Piscine/T-POO-700-STG_8/TimeManager/lib/time_manager/timetracking/domain/working-time.ex closed
2024-10-10 12:01:28.179 [info] /home/mouad/Documents/Epitech/Piscine/T-POO-700-STG_8/TimeManager/lib/time_manager/timetracking/infrastructure/controllers/working-time.controller.ex closed
2024-10-10 12:01:50.817 [info] /home/mouad/Documents/Epitech/Piscine/T-POO-700-STG_8/TimeManager/lib/time_manager/timetracking/infrastructure/controllers/working-time.controller.ex closed
2024-10-10 12:01:50.817 [info] /home/mouad/Documents/Epitech/Piscine/T-POO-700-STG_8/TimeManager/lib/time_manager/timetracking/infrastructure/controllers/working-time.controller.ex closed
2024-10-10 12:01:50.818 [info] /home/mouad/Documents/Epitech/Piscine/T-POO-700-STG_8/TimeManager/lib/time_manager/timetracking/infrastructure/controllers/working-time.controller.ex closed
2024-10-10 12:02:12.420 [info] Active editor: file:///home/mouad/Documents/Epitech/Piscine/T-POO-700-STG_8/TimeManager/lib/time_manager/accounts/infrastructure/controllers/user.controller.ex
2024-10-10 13:28:08.682 [info] Active editor: file:///home/mouad/Documents/Epitech/Piscine/T-POO-700-STG_8/TimeManager/lib/time_manager/timetracking/infrastructure/controllers/working-time.controller.ex
2024-10-10 13:28:09.371 [info] Active editor: file:///home/mouad/Documents/Epitech/Piscine/T-POO-700-STG_8/TimeManager/lib/time_manager/accounts/infrastructure/controllers/user.controller.ex
2024-10-10 13:28:11.048 [info] Active editor: file:///home/mouad/Documents/Epitech/Piscine/T-POO-700-STG_8/TimeManager/lib/time_manager/accounts/infrastructure/controllers/user.controller.ex
2024-10-10 13:28:26.975 [info] /home/mouad/Documents/Epitech/Piscine/T-POO-700-STG_8/TimeManager/lib/time_manager/accounts/infrastructure/controllers/user.controller.ex closed
2024-10-10 13:28:26.976 [info] /home/mouad/Documents/Epitech/Piscine/T-POO-700-STG_8/TimeManager/lib/time_manager/accounts/infrastructure/controllers/user.controller.ex closed
2024-10-10 13:28:35.882 [info] /home/mouad/Documents/Epitech/Piscine/T-POO-700-STG_8/TimeManager/lib/time_manager/accounts/infrastructure/controllers/user.controller.ex closed
2024-10-10 13:28:35.882 [info] /home/mouad/Documents/Epitech/Piscine/T-POO-700-STG_8/TimeManager/lib/time_manager/accounts/infrastructure/controllers/user.controller.ex closed
2024-10-10 13:28:37.979 [info] Active editor: file:///home/mouad/Documents/Epitech/Piscine/T-POO-700-STG_8/TimeManager/lib/time_manager/timetracking/infrastructure/controllers/working-time.controller.ex
2024-10-10 13:28:39.826 [info] Active editor: file:///home/mouad/Documents/Epitech/Piscine/T-POO-700-STG_8/TimeManager/lib/time_manager/timetracking/infrastructure/controllers/working-time.controller.ex
2024-10-10 13:28:50.444 [info] /home/mouad/Documents/Epitech/Piscine/T-POO-700-STG_8/TimeManager/lib/time_manager/accounts/infrastructure/controllers/user.controller.ex closed
2024-10-10 13:28:50.444 [info] /home/mouad/Documents/Epitech/Piscine/T-POO-700-STG_8/TimeManager/lib/time_manager/accounts/infrastructure/controllers/user.controller.ex closed
2024-10-10 13:28:51.836 [info] /home/mouad/Documents/Epitech/Piscine/T-POO-700-STG_8/TimeManager/lib/time_manager/timetracking/infrastructure/controllers/clock.controller.ex closed
2024-10-10 13:28:51.838 [info] /home/mouad/Documents/Epitech/Piscine/T-POO-700-STG_8/TimeManager/lib/time_manager/timetracking/infrastructure/controllers/clock.controller.ex closed
2024-10-10 13:29:29.607 [info] /home/mouad/Documents/Epitech/Piscine/T-POO-700-STG_8/TimeManager/lib/time_manager/timetracking/infrastructure/controllers/working-time.controller.ex.git closed
2024-10-10 13:29:31.619 [info] /home/mouad/Documents/Epitech/Piscine/T-POO-700-STG_8/TimeManager/lib/time_manager/timetracking/infrastructure/controllers/working-time.controller.ex closed
2024-10-10 13:29:31.620 [info] /home/mouad/Documents/Epitech/Piscine/T-POO-700-STG_8/TimeManager/lib/time_manager/timetracking/infrastructure/controllers/working-time.controller.ex closed
