2024-12-16 20:27:39.103 [info] Using settings sync service https://vscode-sync.trafficmanager.net/
2024-12-16 20:27:39.103 [info] Auto Sync is enabled.
2024-12-16 20:27:39.103 [info] Auto Sync: Suspended until auth token is available.
2024-12-16 20:27:40.295 [info] Deleting non existing profile from backup /home/mouad/.config/Code/User/sync/extensions
2024-12-16 20:27:40.379 [info] Auto Sync: Triggered by Interval
2024-12-16 20:27:40.379 [info] Sync started.
2024-12-16 20:27:40.395 [info] Deleting non existing profile from backup /home/mouad/.config/Code/User/sync/globalState
2024-12-16 20:27:40.436 [info] Deleting non existing profile from backup /home/mouad/.config/Code/User/sync/keybindings
2024-12-16 20:27:40.491 [info] Deleting non existing profile from backup /home/mouad/.config/Code/User/sync/profiles
2024-12-16 20:27:40.562 [info] Deleting non existing profile from backup /home/mouad/.config/Code/User/sync/settings
2024-12-16 20:27:40.611 [info] Deleting non existing profile from backup /home/mouad/.config/Code/User/sync/snippets
2024-12-16 20:27:40.681 [info] Deleting non existing profile from backup /home/mouad/.config/Code/User/sync/tasks
2024-12-16 20:27:41.130 [info] Settings: Last sync resource does not exist locally.
2024-12-16 20:27:41.892 [info] Settings: No changes found during synchronizing settings.
2024-12-16 20:27:41.958 [info] Keybindings: Last sync resource does not exist locally.
2024-12-16 20:27:42.517 [info] Keybindings: No changes found during synchronizing keybindings.
2024-12-16 20:27:42.519 [info] Snippets: Last sync resource does not exist locally.
2024-12-16 20:27:42.556 [info] Snippets: No changes found during synchronizing snippets.
2024-12-16 20:27:42.558 [info] Tasks: Last sync resource does not exist locally.
2024-12-16 20:27:42.597 [info] Tasks: No changes found during synchronizing tasks.
2024-12-16 20:27:42.599 [info] GlobalState: Last sync resource does not exist locally.
2024-12-16 20:27:43.160 [info] GlobalState: Updated remote ui state. Updated: workbench.activity.pinnedViewlets2,cpp.1.lastSessionDate,cpp.1.sessionCount,java.2.lastSessionDate,java.2.sessionCount,javascript.1.lastSessionDate,javascript.1.sessionCount,csharp.1.lastSessionDate,csharp.1.sessionCount.
2024-12-16 20:27:43.162 [info] GlobalState: Updated last synchronized ui state
2024-12-16 20:27:43.164 [info] Extensions: Last sync resource does not exist locally.
2024-12-16 20:27:43.366 [info] Extensions: No changes found during synchronizing extensions.
2024-12-16 20:27:43.371 [info] Profiles: Last sync resource does not exist locally.
2024-12-16 20:27:43.402 [info] Profiles: No changes found during synchronizing profiles.
2024-12-16 20:27:43.404 [info] Sync done. Took 3037ms
2024-12-16 20:27:52.192 [info] Auto Sync: Triggered by Activity
2024-12-16 20:27:52.192 [info] Sync started.
2024-12-16 20:27:52.242 [info] Settings: No changes found during synchronizing settings.
2024-12-16 20:27:52.247 [info] Keybindings: No changes found during synchronizing keybindings.
2024-12-16 20:27:52.271 [info] Snippets: No changes found during synchronizing snippets.
2024-12-16 20:27:52.317 [info] Tasks: No changes found during synchronizing tasks.
2024-12-16 20:27:52.338 [info] GlobalState: No changes found during synchronizing ui state.
2024-12-16 20:27:52.425 [info] Extensions: No changes found during synchronizing extensions.
2024-12-16 20:27:52.428 [info] Profiles: No changes found during synchronizing profiles.
2024-12-16 20:27:52.430 [info] Sync done. Took 238ms
2024-12-16 20:27:57.415 [info] Auto Sync: Triggered by Activity
2024-12-16 20:27:57.415 [info] Sync started.
2024-12-16 20:27:57.561 [info] Settings: No changes found during synchronizing settings.
2024-12-16 20:27:57.565 [info] Keybindings: No changes found during synchronizing keybindings.
2024-12-16 20:27:57.570 [info] Snippets: No changes found during synchronizing snippets.
2024-12-16 20:27:57.573 [info] Tasks: No changes found during synchronizing tasks.
2024-12-16 20:27:57.578 [info] GlobalState: No changes found during synchronizing ui state.
2024-12-16 20:27:58.018 [info] Extensions: Updated remote extensions. Updated: ["pkief.material-icon-theme"].
2024-12-16 20:27:58.026 [info] Extensions: Updated last synchronized extensions. Skipped: ["coenraads.bracket-pair-colorizer","satoqz.yet-another-discord-presence","logerfo.gitlab-notifications"].
2024-12-16 20:27:58.028 [info] Profiles: No changes found during synchronizing profiles.
2024-12-16 20:27:58.030 [info] Sync done. Took 615ms
2024-12-16 20:29:02.651 [info] Auto Sync: Triggered by Activity
2024-12-16 20:29:02.651 [info] Sync started.
2024-12-16 20:29:02.712 [info] Settings: No changes found during synchronizing settings.
2024-12-16 20:29:02.718 [info] Keybindings: No changes found during synchronizing keybindings.
2024-12-16 20:29:02.724 [info] Snippets: No changes found during synchronizing snippets.
2024-12-16 20:29:02.728 [info] Tasks: No changes found during synchronizing tasks.
2024-12-16 20:29:02.736 [info] GlobalState: No changes found during synchronizing ui state.
2024-12-16 20:29:02.934 [info] Extensions: No changes found during synchronizing extensions.
2024-12-16 20:29:02.939 [info] Profiles: No changes found during synchronizing profiles.
2024-12-16 20:29:02.942 [info] Sync done. Took 292ms
2024-12-16 20:29:21.803 [info] Auto Sync: Triggered by Activity
2024-12-16 20:29:21.804 [info] Sync started.
2024-12-16 20:29:22.319 [info] Settings: Updated remote settings
2024-12-16 20:29:22.327 [info] Settings: Updated last synchronized settings
2024-12-16 20:29:22.330 [info] Keybindings: No changes found during synchronizing keybindings.
2024-12-16 20:29:22.335 [info] Snippets: No changes found during synchronizing snippets.
2024-12-16 20:29:22.338 [info] Tasks: No changes found during synchronizing tasks.
2024-12-16 20:29:22.344 [info] GlobalState: No changes found during synchronizing ui state.
2024-12-16 20:29:22.534 [info] Extensions: No changes found during synchronizing extensions.
2024-12-16 20:29:22.536 [info] Profiles: No changes found during synchronizing profiles.
2024-12-16 20:29:22.538 [info] Sync done. Took 735ms
2024-12-16 20:29:24.100 [info] Auto Sync: Triggered by Activity
2024-12-16 20:29:24.100 [info] Sync started.
2024-12-16 20:29:24.321 [info] Settings: No changes found during synchronizing settings.
2024-12-16 20:29:24.331 [info] Keybindings: No changes found during synchronizing keybindings.
2024-12-16 20:29:24.336 [info] Snippets: No changes found during synchronizing snippets.
2024-12-16 20:29:24.340 [info] Tasks: No changes found during synchronizing tasks.
2024-12-16 20:29:24.345 [info] GlobalState: No changes found during synchronizing ui state.
2024-12-16 20:29:24.525 [info] Extensions: No changes found during synchronizing extensions.
2024-12-16 20:29:24.533 [info] Profiles: No changes found during synchronizing profiles.
2024-12-16 20:29:24.534 [info] Sync done. Took 435ms
2024-12-16 20:31:08.070 [info] Auto Sync: Triggered by Activity
2024-12-16 20:31:08.071 [info] Sync started.
2024-12-16 20:31:08.291 [info] Settings: No changes found during synchronizing settings.
2024-12-16 20:31:08.302 [info] Keybindings: No changes found during synchronizing keybindings.
2024-12-16 20:31:08.307 [info] Snippets: No changes found during synchronizing snippets.
2024-12-16 20:31:08.311 [info] Tasks: No changes found during synchronizing tasks.
2024-12-16 20:31:08.316 [info] GlobalState: No changes found during synchronizing ui state.
2024-12-16 20:31:08.522 [info] Extensions: No changes found during synchronizing extensions.
2024-12-16 20:31:08.524 [info] Profiles: No changes found during synchronizing profiles.
2024-12-16 20:31:08.526 [info] Sync done. Took 456ms
2024-12-16 20:36:01.907 [info] Auto Sync: Triggered by Activity
2024-12-16 20:36:01.907 [info] Sync started.
2024-12-16 20:36:02.247 [info] Settings: No changes found during synchronizing settings.
2024-12-16 20:36:02.252 [info] Keybindings: No changes found during synchronizing keybindings.
2024-12-16 20:36:02.258 [info] Snippets: No changes found during synchronizing snippets.
2024-12-16 20:36:02.261 [info] Tasks: No changes found during synchronizing tasks.
2024-12-16 20:36:02.266 [info] GlobalState: No changes found during synchronizing ui state.
2024-12-16 20:36:02.486 [info] Extensions: No changes found during synchronizing extensions.
2024-12-16 20:36:02.490 [info] Profiles: No changes found during synchronizing profiles.
2024-12-16 20:36:02.493 [info] Sync done. Took 586ms
