2024-11-18 10:17:47.167 [info] Configuration changed
2024-11-18 10:17:49.493 [info] Configuration changed
2024-11-18 10:17:49.680 [info] Configuration changed
2024-11-18 10:18:13.609 [info] Active editor: file:///home/mouad/Documents/Epitech/Trinity/DevOps/backend/backend/Program.cs
2024-11-18 10:18:19.786 [info] /home/mouad/Documents/Epitech/Trinity/DevOps/backend/backend/Program.cs.git closed
2024-11-18 10:18:37.436 [info] Configuration changed
2024-11-18 10:18:40.756 [info] Active editor: file:///home/mouad/Documents/Epitech/Trinity/DevOps/backend/backend/Program.cs
2024-11-18 10:19:48.956 [info] /home/mouad/Documents/Epitech/Trinity/DevOps/backend/backend/Program.cs closed
2024-11-18 10:19:48.991 [info] /home/mouad/Documents/Epitech/Trinity/DevOps/backend/backend/Program.cs.git closed
2024-11-18 10:20:19.708 [info] Active editor: file:///home/mouad/Documents/Epitech/Trinity/DevOps/backend/backend/Controllers/WeatherForecastController.cs
2024-11-18 10:20:22.909 [info] /home/mouad/Documents/Epitech/Trinity/DevOps/backend/backend/Controllers/WeatherForecastController.cs closed
2024-11-18 10:20:22.936 [info] Active editor: file:///home/mouad/Documents/Epitech/Trinity/DevOps/backend/backend/Program.cs
2024-11-18 10:20:22.949 [info] /home/mouad/Documents/Epitech/Trinity/DevOps/backend/backend/Controllers/WeatherForecastController.cs.git closed
2024-11-18 10:20:25.597 [info] /home/mouad/Documents/Epitech/Trinity/DevOps/backend/backend/Program.cs closed
2024-11-18 10:20:25.639 [info] Active editor: file:///home/mouad/Documents/Epitech/Trinity/DevOps/backend/backend/Controllers/WeatherForecastController.cs
2024-11-18 10:20:25.661 [info] /home/mouad/Documents/Epitech/Trinity/DevOps/backend/backend/Program.cs.git closed
2024-11-18 10:20:44.787 [info] /home/mouad/Documents/Epitech/Trinity/DevOps/backend/backend/Controllers/WeatherForecastController.cs closed
2024-11-18 10:20:44.824 [info] Active editor: file:///home/mouad/Documents/Epitech/Trinity/DevOps/backend/backend/Program.cs
2024-11-18 10:20:44.845 [info] /home/mouad/Documents/Epitech/Trinity/DevOps/backend/backend/Controllers/WeatherForecastController.cs.git closed
2024-11-18 10:20:46.686 [info] /home/mouad/Documents/Epitech/Trinity/DevOps/backend/backend/Program.cs closed
2024-11-18 10:20:46.714 [info] Active editor: file:///home/mouad/Documents/Epitech/Trinity/DevOps/backend/backend/Controllers/WeatherForecastController.cs
2024-11-18 10:20:46.731 [info] /home/mouad/Documents/Epitech/Trinity/DevOps/backend/backend/Program.cs.git closed
2024-11-18 10:20:48.231 [info] /home/mouad/Documents/Epitech/Trinity/DevOps/backend/backend/Controllers/WeatherForecastController.cs closed
2024-11-18 10:20:48.253 [info] Active editor: file:///home/mouad/Documents/Epitech/Trinity/DevOps/backend/backend/Program.cs
2024-11-18 10:20:48.265 [info] /home/mouad/Documents/Epitech/Trinity/DevOps/backend/backend/Controllers/WeatherForecastController.cs.git closed
2024-11-18 10:20:49.014 [info] /home/mouad/Documents/Epitech/Trinity/DevOps/backend/backend/Program.cs closed
2024-11-18 10:20:49.033 [info] Active editor: file:///home/mouad/Documents/Epitech/Trinity/DevOps/backend/backend/Controllers/WeatherForecastController.cs
2024-11-18 10:20:49.047 [info] /home/mouad/Documents/Epitech/Trinity/DevOps/backend/backend/Program.cs.git closed
2024-11-18 10:20:50.709 [info] /home/mouad/Documents/Epitech/Trinity/DevOps/backend/backend/Controllers/WeatherForecastController.cs closed
2024-11-18 10:20:50.742 [info] Active editor: file:///home/mouad/Documents/Epitech/Trinity/DevOps/backend/backend/Program.cs
2024-11-18 10:20:50.776 [info] /home/mouad/Documents/Epitech/Trinity/DevOps/backend/backend/Controllers/WeatherForecastController.cs.git closed
2024-11-18 10:21:18.596 [info] /home/mouad/Documents/Epitech/Trinity/DevOps/backend/backend/Program.cs closed
2024-11-18 10:21:18.617 [info] /home/mouad/Documents/Epitech/Trinity/DevOps/backend/backend/Program.cs.git closed
2024-11-18 10:21:23.476 [info] Active editor: file:///home/mouad/Documents/Epitech/Trinity/DevOps/backend/backend/Controllers/WeatherForecastController.cs
2024-11-18 10:21:40.042 [info] /home/mouad/Documents/Epitech/Trinity/DevOps/backend/backend/Controllers/WeatherForecastController.cs closed
2024-11-18 10:21:40.072 [info] /home/mouad/Documents/Epitech/Trinity/DevOps/backend/backend/Controllers/WeatherForecastController.cs.git closed
2024-11-18 10:23:04.315 [info] Active editor: file:///home/mouad/Documents/Epitech/Trinity/DevOps/backend/backend/Controllers/WeatherForecastController.cs
