11/18/2024 16:18:32 Central European Standard Time : Information : Local timezone is (UTC+01:00) Central European Time (Paris)
11/18/2024 16:18:32 Central European Standard Time : Information : Microsoft.VisualStudio.ProjectSystem.Query.Remoting.QueryExecutionService read: Content-Length: 688

{"traceparent":"00-0ef206d5be081f4f94ed32e97cd62f72-4f3d7d59fd555547-00","jsonrpc":"2.0","id":2,"method":"SubscribeQueryResultsAsync","params":["{\"context\":\"Projects\",\"query\":{\"$properties\":[\"Id\",\"Name\",\"Path\",\"Guid\",\"ActiveConfigurations\"],\"ActiveConfigurations\":{\"$properties\":[\"Id\",\"Name\",\"ConfigurationName\",\"PlatformName\",\"Capabilities\",\"OutputGroups\"],\"OutputGroups\":{\"$properties\":[\"Id\",\"Name\",\"Outputs\"],\"Outputs\":{\"$properties\":[\"Name\",\"FinalOutputPath\",\"IsKeyOutput\"]},\"$filter\":{\"OutputGroupsByName\":[[\"Built\"]]}}},\"$filter\":{\"ProjectsByCapabilities\":[\"TestContainer\"]}}}",{"__jsonrpc_marshaled":1,"handle":0}]}
11/18/2024 16:18:32 Central European Standard Time : Information : Added local RPC method "ExecuteQueryAsync" -> Microsoft.VisualStudio.ProjectSystem.Server.QueryExecutionServiceFactory+QueryExecutionServiceShim.ExecuteQueryAsync(String, CancellationToken) (Microsoft.VisualStudio.ProjectSystem.Server.QueryExecutionServiceFactory+QueryExecutionServiceShim)
11/18/2024 16:18:32 Central European Standard Time : Information : Added local RPC method "ExecuteRemoteExecutableAsync" -> Microsoft.VisualStudio.ProjectSystem.Server.QueryExecutionServiceFactory+QueryExecutionServiceShim.ExecuteRemoteExecutableAsync(String, CancellationToken) (Microsoft.VisualStudio.ProjectSystem.Server.QueryExecutionServiceFactory+QueryExecutionServiceShim)
11/18/2024 16:18:32 Central European Standard Time : Information : Added local RPC method "GetServiceIdentityAsync" -> Microsoft.VisualStudio.ProjectSystem.Server.QueryExecutionServiceFactory+QueryExecutionServiceShim.GetServiceIdentityAsync(CancellationToken) (Microsoft.VisualStudio.ProjectSystem.Server.QueryExecutionServiceFactory+QueryExecutionServiceShim)
11/18/2024 16:18:32 Central European Standard Time : Information : Added local RPC method "QueryAsync" -> Microsoft.VisualStudio.ProjectSystem.Server.QueryExecutionServiceFactory+QueryExecutionServiceShim.QueryAsync(String, CancellationToken) (Microsoft.VisualStudio.ProjectSystem.Server.QueryExecutionServiceFactory+QueryExecutionServiceShim)
11/18/2024 16:18:32 Central European Standard Time : Information : Added local RPC method "SubscribeQueryResultsAsync" -> Microsoft.VisualStudio.ProjectSystem.Server.QueryExecutionServiceFactory+QueryExecutionServiceShim.SubscribeQueryResultsAsync(String, IObserver`1, CancellationToken) (Microsoft.VisualStudio.ProjectSystem.Server.QueryExecutionServiceFactory+QueryExecutionServiceShim)
11/18/2024 16:18:32 Central European Standard Time : Information : Added local RPC method "TrackQueryUpdatesAsync" -> Microsoft.VisualStudio.ProjectSystem.Server.QueryExecutionServiceFactory+QueryExecutionServiceShim.TrackQueryUpdatesAsync(String, IObserver`1, CancellationToken) (Microsoft.VisualStudio.ProjectSystem.Server.QueryExecutionServiceFactory+QueryExecutionServiceShim)
11/18/2024 16:18:32 Central European Standard Time : Information : Added local RPC method "Dispose" -> Microsoft.VisualStudio.ProjectSystem.OnceInitializedOnceDisposedAsync.Dispose() (Microsoft.VisualStudio.ProjectSystem.Server.QueryExecutionServiceFactory+QueryExecutionServiceShim)
11/18/2024 16:18:32 Central European Standard Time : Information : Added local RPC method "DisposeAsync" -> Microsoft.VisualStudio.ProjectSystem.OnceInitializedOnceDisposedAsync.DisposeAsync() (Microsoft.VisualStudio.ProjectSystem.Server.QueryExecutionServiceFactory+QueryExecutionServiceShim)
11/18/2024 16:18:32 Central European Standard Time : Information : Added local RPC method "ExecuteQuery" -> Microsoft.VisualStudio.ProjectSystem.Server.QueryExecutionServiceFactory+QueryExecutionServiceShim.ExecuteQueryAsync(String, CancellationToken) (Microsoft.VisualStudio.ProjectSystem.Server.QueryExecutionServiceFactory+QueryExecutionServiceShim)
11/18/2024 16:18:32 Central European Standard Time : Information : Added local RPC method "ExecuteRemoteExecutable" -> Microsoft.VisualStudio.ProjectSystem.Server.QueryExecutionServiceFactory+QueryExecutionServiceShim.ExecuteRemoteExecutableAsync(String, CancellationToken) (Microsoft.VisualStudio.ProjectSystem.Server.QueryExecutionServiceFactory+QueryExecutionServiceShim)
11/18/2024 16:18:32 Central European Standard Time : Information : Added local RPC method "GetServiceIdentity" -> Microsoft.VisualStudio.ProjectSystem.Server.QueryExecutionServiceFactory+QueryExecutionServiceShim.GetServiceIdentityAsync(CancellationToken) (Microsoft.VisualStudio.ProjectSystem.Server.QueryExecutionServiceFactory+QueryExecutionServiceShim)
11/18/2024 16:18:32 Central European Standard Time : Information : Added local RPC method "Query" -> Microsoft.VisualStudio.ProjectSystem.Server.QueryExecutionServiceFactory+QueryExecutionServiceShim.QueryAsync(String, CancellationToken) (Microsoft.VisualStudio.ProjectSystem.Server.QueryExecutionServiceFactory+QueryExecutionServiceShim)
11/18/2024 16:18:32 Central European Standard Time : Information : Added local RPC method "SubscribeQueryResults" -> Microsoft.VisualStudio.ProjectSystem.Server.QueryExecutionServiceFactory+QueryExecutionServiceShim.SubscribeQueryResultsAsync(String, IObserver`1, CancellationToken) (Microsoft.VisualStudio.ProjectSystem.Server.QueryExecutionServiceFactory+QueryExecutionServiceShim)
11/18/2024 16:18:32 Central European Standard Time : Information : Added local RPC method "TrackQueryUpdates" -> Microsoft.VisualStudio.ProjectSystem.Server.QueryExecutionServiceFactory+QueryExecutionServiceShim.TrackQueryUpdatesAsync(String, IObserver`1, CancellationToken) (Microsoft.VisualStudio.ProjectSystem.Server.QueryExecutionServiceFactory+QueryExecutionServiceShim)
11/18/2024 16:18:32 Central European Standard Time: Information : 3 :Listening started.
11/18/2024 16:18:32 Central European Standard Time: Information : 7 :{"id":2,"method":"SubscribeQueryResultsAsync"}
11/18/2024 16:18:32 Central European Standard Time: Information : 6 :Received request "2" for method "SubscribeQueryResultsAsync".
11/18/2024 16:18:32 Central European Standard Time: Information : 9 :Invoking Microsoft.VisualStudio.ProjectSystem.Server.QueryExecutionServiceFactory+QueryExecutionServiceShim.SubscribeQueryResultsAsync(String, IObserver`1, CancellationToken)
11/18/2024 16:18:32 Central European Standard Time : Transfer : Transfer, relatedActivityId=c7cd5a14-ea33-42cc-9c60-8d4c40d9a7b5
11/18/2024 16:18:32 Central European Standard Time : Start : SubscribeQueryResultsAsync
11/18/2024 16:18:32 Central European Standard Time : Stop : SubscribeQueryResultsAsync
11/18/2024 16:18:32 Central European Standard Time : Transfer : Transfer, relatedActivityId=d506f20e-08be-4f1f-94ed-32e97cd62f72
11/18/2024 16:18:32 Central European Standard Time : Information : Added local RPC method "$/invokeProxy/0/dispose" -> System.IDisposable.Dispose() (Microsoft.VisualStudio.ProjectSystem.AsyncSubscribe`1[System.String])
11/18/2024 16:18:32 Central European Standard Time: Information : 8 :{"id":2}
11/18/2024 16:18:32 Central European Standard Time : Information : Microsoft.VisualStudio.ProjectSystem.Query.Remoting.QueryExecutionService write: Content-Length: 70

{"jsonrpc":"2.0","id":2,"result":{"__jsonrpc_marshaled":1,"handle":0}}
11/18/2024 16:18:34 Central European Standard Time: Information : 8 :{"id":null,"method":"$/invokeProxy/0/onNext"}
11/18/2024 16:18:34 Central European Standard Time : Information : Microsoft.VisualStudio.ProjectSystem.Query.Remoting.QueryExecutionService write: Content-Length: 265

{"traceparent":"00-145acdc733eacc429c608d4c40d9a7b5-5e398a35b5bbbc4b-01","jsonrpc":"2.0","method":"$/invokeProxy/0/onNext","params":["{\"Versions\":{\"CpsProject:0:backend.Debug|AnyCPU\":1,\"Workspace:Version\":1,\"ProjectsStateUpdates:Version\":0},\"Items\":[]}"]}
11/18/2024 16:22:46 Central European Standard Time: Information : 8 :{"id":null,"method":"$/invokeProxy/0/onNext"}
11/18/2024 16:22:46 Central European Standard Time : Information : Microsoft.VisualStudio.ProjectSystem.Query.Remoting.QueryExecutionService write: Content-Length: 2899

{"traceparent":"00-145acdc733eacc429c608d4c40d9a7b5-1f5a23c739eb1d47-01","jsonrpc":"2.0","method":"$/invokeProxy/0/onNext","params":["{\"Versions\":{\"CpsProject:1:Tests.Debug|AnyCPU\":1,\"CpsProject:0:backend.Debug|AnyCPU\":1,\"Workspace:Version\":2,\"ProjectsStateUpdates:Version\":0},\"Items\":[{\"Id\":{\"ProjectGuid\":\"ceed49a9-ae56-4e8f-a3bc-976e07ad090b\",\"ProjectPath\":\"/home/mouad/Documents/Epitech/Trinity/DevOps/backend/Tests/Tests.csproj\"},\"Name\":\"Tests\",\"Path\":\"/home/mouad/Documents/Epitech/Trinity/DevOps/backend/Tests/Tests.csproj\",\"Guid\":\"ceed49a9-ae56-4e8f-a3bc-976e07ad090b\",\"ActiveConfigurations\":[{\"Id\":{\"ProjectGuid\":\"ceed49a9-ae56-4e8f-a3bc-976e07ad090b\",\"ProjectConfigurationName\":\"Debug|AnyCPU\",\"ProjectPath\":\"/home/mouad/Documents/Epitech/Trinity/DevOps/backend/Tests/Tests.csproj\"},\"Name\":\"Debug|AnyCPU\",\"ConfigurationName\":\"Debug\",\"PlatformName\":\"AnyCPU\",\"Capabilities\":[\"DependenciesTree\",\"PersistDesignTimeDataOutOfProject\",\"CSharp\",\"NoGeneralDependentFileIcon\",\"ProjectPropertiesEditor\",\"LaunchProfiles\",\"ProjectConfigurationsDeclaredDimensions\",\"OutputGroups\",\"TestContainer\",\"RunningInProjectSystemServer\",\"SharedProjectReferences\",\"ProjectImportsTree\",\"SingleFileGenerators\",\"Publish\",\"DynamicDependentFile\",\"PreserveFormatting\",\"CrossPlatformExecutable\",\"FolderPublish\",\"ProjectPropertyInterception\",\"CPS\",\"Pack\",\"ConfigurableFileNesting\",\"Microsoft.VisualStudio.ProjectSystem.RetailRuntime\",\"AssemblyReferences\",\"UserSourceItems\",\"UseFileGlobs\",\"WinRTReferences\",\"PackageReferences\",\"ProjectReferences\",\"LanguageService\",\"AppServicePublish\",\"SupportsHotReload\",\"NativeAOT\",\"COMReferences\",\".NET\",\"SharedImports\",\"ClassDesigner\",\"IntegratedConsoleDebugging\",\"DataSourceWindow\",\"HandlesOwnReload\",\"AppDesigner\",\"VisualStudioWellKnownOutputGroups\",\"DeclaredSourceItems\",\"AllTargetOutputGroups\",\"Managed\",\"SupportAvailableItemName\",\"DisableBuiltInDebuggerServices\",\"GenerateDocumentationFile\",\"RelativePathDerivedDefaultNamespace\"],\"OutputGroups\":[{\"Id\":{\"OutputGroupName\":\"Built\",\"ProjectGuid\":\"ceed49a9-ae56-4e8f-a3bc-976e07ad090b\",\"ProjectConfigurationName\":\"Debug|AnyCPU\",\"ProjectPath\":\"/home/mouad/Documents/Epitech/Trinity/DevOps/backend/Tests/Tests.csproj\"},\"Name\":\"Built\",\"Outputs\":[{\"Name\":\"/home/mouad/Documents/Epitech/Trinity/DevOps/backend/Tests/bin/Debug/net8.0/Tests.runtimeconfig.json\",\"FinalOutputPath\":\"/home/mouad/Documents/Epitech/Trinity/DevOps/backend/Tests/bin/Debug/net8.0/Tests.runtimeconfig.json\",\"IsKeyOutput\":false},{\"Name\":\"/home/mouad/Documents/Epitech/Trinity/DevOps/backend/Tests/obj/Debug/net8.0/Tests.dll\",\"FinalOutputPath\":\"/home/mouad/Documents/Epitech/Trinity/DevOps/backend/Tests/bin/Debug/net8.0/Tests.dll\",\"IsKeyOutput\":true}]}]}]}]}"]}
11/18/2024 16:25:16 Central European Standard Time : Information : Microsoft.VisualStudio.ProjectSystem.Query.Remoting.QueryExecutionService read: Content-Length: 64

{"jsonrpc":"2.0","method":"$/invokeProxy/0/dispose","params":[]}
11/18/2024 16:25:16 Central European Standard Time: Information : 7 :{"id":null,"method":"$/invokeProxy/0/dispose"}
11/18/2024 16:25:16 Central European Standard Time: Information : 6 :Received notification for method "$/invokeProxy/0/dispose".
11/18/2024 16:25:16 Central European Standard Time: Information : 9 :Invoking System.IDisposable.Dispose()
11/18/2024 16:25:16 Central European Standard Time : Start : $/invokeProxy/0/dispose
11/18/2024 16:25:16 Central European Standard Time : Stop : $/invokeProxy/0/dispose
11/18/2024 16:25:16 Central European Standard Time : Information : Microsoft.VisualStudio.ProjectSystem.Query.Remoting.QueryExecutionService read: Content-Length: 97

{"jsonrpc":"2.0","method":"$/releaseMarshaledObject","params":{"handle":0,"ownedBySender":false}}
11/18/2024 16:25:16 Central European Standard Time: Information : 7 :{"id":null,"method":"$/releaseMarshaledObject"}
11/18/2024 16:25:16 Central European Standard Time: Information : 6 :Received notification for method "$/releaseMarshaledObject".
11/18/2024 16:25:16 Central European Standard Time: Information : 9 :Invoking StreamJsonRpc.Reflection.MessageFormatterRpcMarshaledContextTracker.ReleaseMarshaledObject(Int64, Boolean)
11/18/2024 16:25:16 Central European Standard Time : Start : $/releaseMarshaledObject
11/18/2024 16:25:16 Central European Standard Time : Stop : $/releaseMarshaledObject
11/18/2024 16:25:16 Central European Standard Time : Information : Waiting for 'Microsoft.VisualStudio.ProjectSystem.Query.Remoting.QueryExecutionService' instance to complete its completionTask.
11/18/2024 16:25:16 Central European Standard Time : Information : Microsoft.VisualStudio.ProjectSystem.Query.Remoting.QueryExecutionService read: end of stream
11/18/2024 16:25:16 Central European Standard Time: Information : 13 :Connection closing (RemotePartyTerminated: Reached end of stream.). 
11/18/2024 16:25:16 Central European Standard Time : Information : Disposed 'Microsoft.VisualStudio.ProjectSystem.Query.Remoting.QueryExecutionService' via 'completionTask' method.
11/18/2024 16:25:16 Central European Standard Time : Information : Finishing shutting down service: Microsoft.VisualStudio.ProjectSystem.Query.Remoting.QueryExecutionService.
