2024-11-18 16:17:00.488 [info] Log level: Info
2024-11-18 16:17:00.488 [info] Validating found git in: "git"
2024-11-18 16:17:00.488 [info] Using git "2.34.1" from "git"
2024-11-18 16:17:00.488 [info] > git rev-parse --show-toplevel [7ms]
2024-11-18 16:17:00.488 [info] > git rev-parse --git-dir --git-common-dir [27ms]
2024-11-18 16:17:00.488 [info] Open repository: /home/mouad/Documents/Epitech/Trinity/DevOps
2024-11-18 16:17:00.735 [info] > git rev-parse --show-toplevel [222ms]
2024-11-18 16:17:00.736 [info] > git config --get commit.template [232ms]
2024-11-18 16:17:00.875 [info] > git rev-parse --show-toplevel [89ms]
2024-11-18 16:17:00.925 [info] > git for-each-ref --format=%(refname)%00%(upstream:short)%00%(objectname)%00%(upstream:track)%00%(upstream:remotename)%00%(upstream:remoteref) refs/heads/branch-test-2 refs/remotes/branch-test-2 [72ms]
2024-11-18 16:17:00.977 [info] > git rev-parse --show-toplevel [53ms]
2024-11-18 16:17:01.152 [info] > git check-ignore -v -z --stdin [82ms]
2024-11-18 16:17:01.153 [info] > git rev-parse --show-toplevel [148ms]
2024-11-18 16:17:01.336 [info] > git status -z -uall [194ms]
2024-11-18 16:17:01.448 [info] > git merge-base refs/heads/branch-test-2 refs/remotes/origin/branch-test-2 [82ms]
2024-11-18 16:17:01.461 [info] > git rev-parse --show-toplevel [143ms]
2024-11-18 16:17:01.589 [info] > git show --textconv :backend/backend/Controllers/WeatherForecastController.cs [100ms]
2024-11-18 16:17:01.590 [info] > git ls-files --stage -- /home/mouad/Documents/Epitech/Trinity/DevOps/backend/backend/Controllers/WeatherForecastController.cs [77ms]
2024-11-18 16:17:01.619 [info] > git rev-list --count --left-right refs/heads/branch-test-2...refs/remotes/origin/branch-test-2 [158ms]
2024-11-18 16:17:01.646 [info] > git config --get commit.template [220ms]
2024-11-18 16:17:01.761 [info] > git diff --name-status -z --diff-filter=ADMR c7f665fce835e5b2581477b8b7973ddd6bb16ae6...refs/remotes/origin/branch-test-2 [116ms]
2024-11-18 16:17:01.766 [info] > git cat-file -s f71653daf7c381f96de0d4a5fb899c0cb3b974d5 [148ms]
2024-11-18 16:17:02.093 [info] > git for-each-ref --format=%(refname)%00%(upstream:short)%00%(objectname)%00%(upstream:track)%00%(upstream:remotename)%00%(upstream:remoteref) refs/heads/branch-test-2 refs/remotes/branch-test-2 [251ms]
2024-11-18 16:17:02.261 [info] > git status -z -uall [100ms]
2024-11-18 16:17:02.953 [info] > git config --local branch.branch-test-2.github-pr-owner-number [27ms]
2024-11-18 16:17:02.953 [warning] git config failed: Failed to execute git
2024-11-18 16:17:05.317 [info] > git config --get commit.template [140ms]
2024-11-18 16:17:05.429 [info] > git for-each-ref --format=%(refname)%00%(upstream:short)%00%(objectname)%00%(upstream:track)%00%(upstream:remotename)%00%(upstream:remoteref) refs/heads/branch-test-2 refs/remotes/branch-test-2 [130ms]
2024-11-18 16:17:05.522 [info] > git status -z -uall [61ms]
2024-11-18 16:17:15.036 [info] > git check-ignore -v -z --stdin [33ms]
2024-11-18 16:17:23.462 [info] > git fetch [5856ms]
2024-11-18 16:17:23.525 [info] > git config --get commit.template [6ms]
2024-11-18 16:17:23.587 [info] > git for-each-ref --format=%(refname)%00%(upstream:short)%00%(objectname)%00%(upstream:track)%00%(upstream:remotename)%00%(upstream:remoteref) refs/heads/branch-test-2 refs/remotes/branch-test-2 [14ms]
2024-11-18 16:17:23.653 [info] > git status -z -uall [30ms]
2024-11-18 16:17:30.412 [info] > git for-each-ref --format=%(refname)%00%(upstream:short)%00%(objectname)%00%(upstream:track)%00%(upstream:remotename)%00%(upstream:remoteref) refs/heads/branch-test-2 refs/remotes/branch-test-2 [40ms]
2024-11-18 16:17:30.414 [info] > git config --get commit.template [65ms]
2024-11-18 16:17:30.416 [info] > git ls-files --stage -- /home/mouad/Documents/Epitech/Trinity/DevOps/backend/backend/Controllers/WeatherForecastController.cs [7ms]
2024-11-18 16:17:30.489 [info] > git cat-file -s f71653daf7c381f96de0d4a5fb899c0cb3b974d5 [58ms]
2024-11-18 16:17:30.491 [info] > git status -z -uall [30ms]
2024-11-18 16:17:30.534 [info] > git show --textconv :backend/backend/Controllers/WeatherForecastController.cs [4ms]
