2024-10-10 11:58:10.870 [info] Reading sessions from keychain...
2024-10-10 11:58:10.870 [info] Getting sessions for all scopes...
2024-10-10 11:58:10.870 [info] Getting sessions for user:email...
2024-10-10 11:58:10.870 [info] Got stored sessions!
2024-10-10 11:58:10.870 [info] Got 3 verified sessions.
2024-10-10 11:58:10.870 [info] Got 3 sessions for ...
2024-10-10 11:58:10.870 [info] Got 1 sessions for user:email...
2024-10-10 11:58:10.870 [info] Getting sessions for all scopes...
2024-10-10 11:58:10.870 [info] Got 3 sessions for ...
2024-10-10 11:58:12.122 [info] Getting sessions for read:user,repo,user:email,workflow...
2024-10-10 11:58:12.123 [info] Got 1 sessions for read:user,repo,user:email,workflow...
2024-10-10 11:58:12.244 [info] Getting sessions for read:user,repo,user:email,workflow...
2024-10-10 11:58:12.244 [info] Got 1 sessions for read:user,repo,user:email,workflow...
2024-10-10 11:58:12.289 [info] Getting sessions for project,read:org,read:user,repo,user:email,workflow...
2024-10-10 11:58:12.289 [info] Got 0 sessions for project,read:org,read:user,repo,user:email,workflow...
2024-10-10 11:58:12.445 [info] Getting sessions for all scopes...
2024-10-10 11:58:12.445 [info] Got 3 sessions for ...
2024-10-10 11:58:12.476 [info] Getting sessions for read:user,repo,user:email,workflow...
2024-10-10 11:58:12.476 [info] Got 1 sessions for read:user,repo,user:email,workflow...
2024-10-10 11:58:12.657 [info] Getting sessions for read:user,repo,user:email,workflow...
2024-10-10 11:58:12.657 [info] Got 1 sessions for read:user,repo,user:email,workflow...
2024-10-10 11:58:13.127 [info] Getting sessions for read:user,repo,user:email,workflow...
2024-10-10 11:58:13.127 [info] Got 1 sessions for read:user,repo,user:email,workflow...
2024-10-10 11:58:13.179 [info] Getting sessions for read:user,repo,user:email,workflow...
2024-10-10 11:58:13.179 [info] Got 1 sessions for read:user,repo,user:email,workflow...
2024-10-10 11:58:13.676 [info] Getting sessions for all scopes...
2024-10-10 11:58:13.676 [info] Got 3 sessions for ...
2024-10-10 11:58:13.698 [info] Getting sessions for read:user,repo,user:email,workflow...
2024-10-10 11:58:13.698 [info] Got 1 sessions for read:user,repo,user:email,workflow...
