2024-11-18 10:17:09.955 [info] Reading sessions from keychain...
2024-11-18 10:17:09.955 [info] Getting sessions for all scopes...
2024-11-18 10:17:09.955 [info] Getting sessions for user:email...
2024-11-18 10:17:09.955 [info] Getting sessions for repo,workflow...
2024-11-18 10:17:09.955 [info] Getting sessions for all scopes...
2024-11-18 10:17:09.955 [info] Got stored sessions!
2024-11-18 10:17:09.955 [info] Got 3 verified sessions.
2024-11-18 10:17:09.955 [info] Got 3 sessions for ...
2024-11-18 10:17:09.955 [info] Got 1 sessions for user:email...
2024-11-18 10:17:09.955 [info] Got 1 sessions for repo,workflow...
2024-11-18 10:17:09.955 [info] Got 3 sessions for ...
2024-11-18 10:17:10.158 [info] Getting sessions for repo,workflow...
2024-11-18 10:17:10.158 [info] Got 1 sessions for repo,workflow...
2024-11-18 10:17:10.216 [info] Getting sessions for read:user,repo,user:email,workflow...
2024-11-18 10:17:10.216 [info] Got 1 sessions for read:user,repo,user:email,workflow...
2024-11-18 10:17:10.559 [info] Getting sessions for repo,workflow...
2024-11-18 10:17:10.559 [info] Got 1 sessions for repo,workflow...
2024-11-18 10:17:10.603 [info] Getting sessions for repo,workflow...
2024-11-18 10:17:10.603 [info] Got 1 sessions for repo,workflow...
2024-11-18 10:17:10.910 [info] Getting sessions for read:user,repo,user:email,workflow...
2024-11-18 10:17:10.910 [info] Got 1 sessions for read:user,repo,user:email,workflow...
2024-11-18 10:17:10.910 [info] Getting sessions for repo,workflow...
2024-11-18 10:17:10.910 [info] Got 1 sessions for repo,workflow...
2024-11-18 10:17:21.618 [info] Getting sessions for read:user,repo,user:email,workflow...
2024-11-18 10:17:21.619 [info] Got 1 sessions for read:user,repo,user:email,workflow...
2024-11-18 10:17:21.654 [info] Getting sessions for project,read:org,read:user,repo,user:email,workflow...
2024-11-18 10:17:21.654 [info] Got 0 sessions for project,read:org,read:user,repo,user:email,workflow...
2024-11-18 10:17:21.655 [info] Getting sessions for all scopes...
2024-11-18 10:17:21.655 [info] Got 3 sessions for ...
2024-11-18 10:17:21.720 [info] Getting sessions for read:user,repo,user:email,workflow...
2024-11-18 10:17:21.720 [info] Got 1 sessions for read:user,repo,user:email,workflow...
2024-11-18 10:17:22.021 [info] Getting sessions for read:user,repo,user:email,workflow...
2024-11-18 10:17:22.021 [info] Got 1 sessions for read:user,repo,user:email,workflow...
2024-11-18 10:17:22.619 [info] Getting sessions for read:user,repo,user:email,workflow...
2024-11-18 10:17:22.619 [info] Got 1 sessions for read:user,repo,user:email,workflow...
2024-11-18 10:17:22.632 [info] Getting sessions for all scopes...
2024-11-18 10:17:22.632 [info] Got 3 sessions for ...
2024-11-18 10:17:22.671 [info] Getting sessions for read:user,repo,user:email,workflow...
2024-11-18 10:17:22.671 [info] Got 1 sessions for read:user,repo,user:email,workflow...
2024-11-18 10:17:46.170 [info] Reading sessions from keychain...
2024-11-18 10:17:46.170 [info] Getting sessions for all scopes...
2024-11-18 10:17:46.170 [info] Getting sessions for user:email...
2024-11-18 10:17:46.170 [info] Got stored sessions!
2024-11-18 10:17:46.170 [info] Got 3 verified sessions.
2024-11-18 10:17:46.170 [info] Got 3 sessions for ...
2024-11-18 10:17:46.170 [info] Got 1 sessions for user:email...
2024-11-18 10:17:46.170 [info] Getting sessions for all scopes...
2024-11-18 10:17:46.170 [info] Got 3 sessions for ...
2024-11-18 10:17:46.236 [info] Getting sessions for project,read:org,read:user,repo,user:email,workflow...
2024-11-18 10:17:46.236 [info] Got 0 sessions for project,read:org,read:user,repo,user:email,workflow...
2024-11-18 10:17:46.260 [info] Getting sessions for read:user,repo,user:email,workflow...
2024-11-18 10:17:46.260 [info] Got 1 sessions for read:user,repo,user:email,workflow...
2024-11-18 10:17:50.978 [info] Getting sessions for read:user,repo,user:email,workflow...
2024-11-18 10:17:50.978 [info] Got 1 sessions for read:user,repo,user:email,workflow...
2024-11-18 10:17:51.088 [info] Getting sessions for all scopes...
2024-11-18 10:17:51.088 [info] Got 3 sessions for ...
2024-11-18 10:17:51.201 [info] Getting sessions for read:user,repo,user:email,workflow...
2024-11-18 10:17:51.201 [info] Got 1 sessions for read:user,repo,user:email,workflow...
2024-11-18 10:17:52.094 [info] Getting sessions for read:user,repo,user:email,workflow...
2024-11-18 10:17:52.094 [info] Got 1 sessions for read:user,repo,user:email,workflow...
2024-11-18 10:17:52.104 [info] Getting sessions for all scopes...
2024-11-18 10:17:52.104 [info] Got 3 sessions for ...
2024-11-18 10:18:38.295 [info] Getting sessions for user:email...
2024-11-18 10:18:38.296 [info] Got 1 sessions for user:email...
2024-11-18 10:18:38.315 [info] Getting sessions for all scopes...
2024-11-18 10:18:38.315 [info] Got 3 sessions for ...
2024-11-18 10:19:03.234 [info] Getting sessions for user:email...
2024-11-18 10:19:03.235 [info] Got 1 sessions for user:email...
2024-11-18 10:19:03.258 [info] Getting sessions for user:email...
2024-11-18 10:19:03.258 [info] Got 1 sessions for user:email...
2024-11-18 10:19:03.766 [info] Getting sessions for user:email...
2024-11-18 10:19:03.766 [info] Got 1 sessions for user:email...
2024-11-18 10:42:51.531 [info] Getting sessions for read:user,repo,user:email,workflow...
2024-11-18 10:42:51.532 [info] Got 1 sessions for read:user,repo,user:email,workflow...
2024-11-18 10:42:52.095 [info] Getting sessions for read:user,repo,user:email,workflow...
2024-11-18 10:42:52.095 [info] Got 1 sessions for read:user,repo,user:email,workflow...
2024-11-18 10:42:52.869 [info] Getting sessions for read:user,repo,user:email,workflow...
2024-11-18 10:42:52.869 [info] Got 1 sessions for read:user,repo,user:email,workflow...
2024-11-18 10:59:31.340 [info] Getting sessions for user:email...
2024-11-18 10:59:31.341 [info] Got 1 sessions for user:email...
