2024-11-18 13:48:56.771 [info] Using settings sync service https://vscode-sync.trafficmanager.net/
2024-11-18 13:48:56.771 [info] Auto Sync is enabled.
2024-11-18 13:48:56.771 [info] Auto Sync: Suspended until auth token is available.
2024-11-18 13:48:57.516 [info] Deleting non existing profile from backup /home/mouad/.config/Code/User/sync/extensions
2024-11-18 13:48:57.579 [info] Deleting non existing profile from backup /home/mouad/.config/Code/User/sync/globalState
2024-11-18 13:48:57.772 [info] Deleting non existing profile from backup /home/mouad/.config/Code/User/sync/keybindings
2024-11-18 13:48:57.890 [info] Deleting non existing profile from backup /home/mouad/.config/Code/User/sync/profiles
2024-11-18 13:48:57.938 [info] Deleting non existing profile from backup /home/mouad/.config/Code/User/sync/settings
2024-11-18 13:48:58.016 [info] Auto Sync: Triggered by Interval
2024-11-18 13:48:58.016 [info] Sync started.
2024-11-18 13:48:58.019 [info] Deleting non existing profile from backup /home/mouad/.config/Code/User/sync/snippets
2024-11-18 13:48:58.112 [info] Deleting non existing profile from backup /home/mouad/.config/Code/User/sync/tasks
2024-11-18 13:48:58.645 [info] Settings: Last sync resource does not exist locally.
2024-11-18 13:49:00.570 [info] Settings: No changes found during synchronizing settings.
2024-11-18 13:49:00.697 [info] Keybindings: Last sync resource does not exist locally.
2024-11-18 13:49:01.035 [info] Keybindings: No changes found during synchronizing keybindings.
2024-11-18 13:49:01.089 [info] Snippets: Last sync resource does not exist locally.
2024-11-18 13:49:01.227 [info] Snippets: No changes found during synchronizing snippets.
2024-11-18 13:49:01.306 [info] Tasks: Last sync resource does not exist locally.
2024-11-18 13:49:01.536 [info] Tasks: No changes found during synchronizing tasks.
2024-11-18 13:49:01.538 [info] GlobalState: Last sync resource does not exist locally.
2024-11-18 13:49:01.727 [info] GlobalState: No changes found during synchronizing ui state.
2024-11-18 13:49:01.729 [info] Extensions: Last sync resource does not exist locally.
2024-11-18 13:49:02.106 [info] Extensions: No changes found during synchronizing extensions.
2024-11-18 13:49:02.110 [info] Profiles: Last sync resource does not exist locally.
2024-11-18 13:49:02.148 [info] Profiles: No changes found during synchronizing profiles.
2024-11-18 13:49:02.151 [info] Sync done. Took 4135ms
2024-11-18 13:49:39.531 [info] Auto Sync: Triggered by Activity
2024-11-18 13:49:39.531 [info] Sync started.
2024-11-18 13:49:39.861 [info] Settings: No changes found during synchronizing settings.
2024-11-18 13:49:39.868 [info] Keybindings: No changes found during synchronizing keybindings.
2024-11-18 13:49:39.875 [info] Snippets: No changes found during synchronizing snippets.
2024-11-18 13:49:39.879 [info] Tasks: No changes found during synchronizing tasks.
2024-11-18 13:49:39.885 [info] GlobalState: No changes found during synchronizing ui state.
2024-11-18 13:49:39.999 [info] Extensions: No changes found during synchronizing extensions.
2024-11-18 13:49:40.006 [info] Profiles: No changes found during synchronizing profiles.
2024-11-18 13:49:40.008 [info] Sync done. Took 477ms
2024-11-18 13:50:51.178 [info] Auto Sync: Triggered by Activity
2024-11-18 13:50:51.181 [info] Sync started.
2024-11-18 13:50:51.340 [info] Settings: No changes found during synchronizing settings.
2024-11-18 13:50:51.347 [info] Keybindings: No changes found during synchronizing keybindings.
2024-11-18 13:50:51.353 [info] Snippets: No changes found during synchronizing snippets.
2024-11-18 13:50:51.358 [info] Tasks: No changes found during synchronizing tasks.
2024-11-18 13:50:51.366 [info] GlobalState: No changes found during synchronizing ui state.
2024-11-18 13:50:51.574 [info] Extensions: No changes found during synchronizing extensions.
2024-11-18 13:50:51.577 [info] Profiles: No changes found during synchronizing profiles.
2024-11-18 13:50:51.579 [info] Sync done. Took 401ms
2024-11-18 13:51:54.777 [info] Auto Sync: Triggered by Activity
2024-11-18 13:51:54.779 [info] Sync started.
2024-11-18 13:51:55.010 [info] Settings: No changes found during synchronizing settings.
2024-11-18 13:51:55.020 [info] Keybindings: No changes found during synchronizing keybindings.
2024-11-18 13:51:55.026 [info] Snippets: No changes found during synchronizing snippets.
2024-11-18 13:51:55.031 [info] Tasks: No changes found during synchronizing tasks.
2024-11-18 13:51:55.038 [info] GlobalState: No changes found during synchronizing ui state.
2024-11-18 13:51:55.228 [info] Extensions: No changes found during synchronizing extensions.
2024-11-18 13:51:55.231 [info] Profiles: No changes found during synchronizing profiles.
2024-11-18 13:51:55.234 [info] Sync done. Took 457ms
2024-11-18 13:56:55.298 [info] Auto Sync: Triggered by Interval
2024-11-18 13:56:55.300 [info] Sync started.
2024-11-18 13:56:55.692 [info] Settings: No changes found during synchronizing settings.
2024-11-18 13:56:55.699 [info] Keybindings: No changes found during synchronizing keybindings.
2024-11-18 13:56:55.705 [info] Snippets: No changes found during synchronizing snippets.
2024-11-18 13:56:55.710 [info] Tasks: No changes found during synchronizing tasks.
2024-11-18 13:56:55.717 [info] GlobalState: No changes found during synchronizing ui state.
2024-11-18 13:56:55.923 [info] Extensions: No changes found during synchronizing extensions.
2024-11-18 13:56:55.925 [info] Profiles: No changes found during synchronizing profiles.
2024-11-18 13:56:55.928 [info] Sync done. Took 630ms
2024-11-18 14:01:55.988 [info] Auto Sync: Triggered by Interval
2024-11-18 14:01:55.991 [info] Sync started.
2024-11-18 14:01:56.377 [info] Settings: No changes found during synchronizing settings.
2024-11-18 14:01:56.382 [info] Keybindings: No changes found during synchronizing keybindings.
2024-11-18 14:01:56.389 [info] Snippets: No changes found during synchronizing snippets.
2024-11-18 14:01:56.393 [info] Tasks: No changes found during synchronizing tasks.
2024-11-18 14:01:56.401 [info] GlobalState: No changes found during synchronizing ui state.
2024-11-18 14:01:56.603 [info] Extensions: No changes found during synchronizing extensions.
2024-11-18 14:01:56.606 [info] Profiles: No changes found during synchronizing profiles.
2024-11-18 14:01:56.609 [info] Sync done. Took 621ms
2024-11-18 14:06:56.669 [info] Auto Sync: Triggered by Interval
2024-11-18 14:06:56.670 [info] Sync started.
2024-11-18 14:06:56.856 [info] Settings: No changes found during synchronizing settings.
2024-11-18 14:06:56.860 [info] Keybindings: No changes found during synchronizing keybindings.
2024-11-18 14:06:56.865 [info] Snippets: No changes found during synchronizing snippets.
2024-11-18 14:06:56.869 [info] Tasks: No changes found during synchronizing tasks.
2024-11-18 14:06:56.875 [info] GlobalState: No changes found during synchronizing ui state.
2024-11-18 14:06:57.069 [info] Extensions: No changes found during synchronizing extensions.
2024-11-18 14:06:57.071 [info] Profiles: No changes found during synchronizing profiles.
2024-11-18 14:06:57.073 [info] Sync done. Took 404ms
2024-11-18 14:11:57.129 [info] Auto Sync: Triggered by Interval
2024-11-18 14:11:57.129 [info] Sync started.
2024-11-18 14:11:57.310 [info] Settings: No changes found during synchronizing settings.
2024-11-18 14:11:57.314 [info] Keybindings: No changes found during synchronizing keybindings.
2024-11-18 14:11:57.320 [info] Snippets: No changes found during synchronizing snippets.
2024-11-18 14:11:57.323 [info] Tasks: No changes found during synchronizing tasks.
2024-11-18 14:11:57.329 [info] GlobalState: No changes found during synchronizing ui state.
2024-11-18 14:11:57.534 [info] Extensions: No changes found during synchronizing extensions.
2024-11-18 14:11:57.536 [info] Profiles: No changes found during synchronizing profiles.
2024-11-18 14:11:57.538 [info] Sync done. Took 410ms
2024-11-18 14:52:28.356 [info] Auto Sync: Triggered by Interval
2024-11-18 14:52:28.357 [info] Sync started.
2024-11-18 14:52:28.724 [info] Settings: No changes found during synchronizing settings.
2024-11-18 14:52:28.730 [info] Keybindings: No changes found during synchronizing keybindings.
2024-11-18 14:52:28.738 [info] Snippets: No changes found during synchronizing snippets.
2024-11-18 14:52:28.743 [info] Tasks: No changes found during synchronizing tasks.
2024-11-18 14:52:28.750 [info] GlobalState: No changes found during synchronizing ui state.
2024-11-18 14:52:28.951 [info] Extensions: No changes found during synchronizing extensions.
2024-11-18 14:52:28.956 [info] Profiles: No changes found during synchronizing profiles.
2024-11-18 14:52:28.958 [info] Sync done. Took 605ms
2024-11-18 14:54:07.106 [info] Auto Sync: Triggered by Activity
2024-11-18 14:54:07.107 [info] Sync started.
2024-11-18 14:54:07.420 [info] Settings: No changes found during synchronizing settings.
2024-11-18 14:54:07.426 [info] Keybindings: No changes found during synchronizing keybindings.
2024-11-18 14:54:07.430 [info] Snippets: No changes found during synchronizing snippets.
2024-11-18 14:54:07.434 [info] Tasks: No changes found during synchronizing tasks.
2024-11-18 14:54:07.439 [info] GlobalState: No changes found during synchronizing ui state.
2024-11-18 14:54:07.596 [info] Extensions: No changes found during synchronizing extensions.
2024-11-18 14:54:07.598 [info] Profiles: No changes found during synchronizing profiles.
2024-11-18 14:54:07.599 [info] Sync done. Took 492ms
