2024-11-18 16:18:10.805 [info] Log level: Info
2024-11-18 16:18:10.805 [info] Validating found git in: "git"
2024-11-18 16:18:10.805 [info] Using git "2.34.1" from "git"
2024-11-18 16:18:26.410 [info] Log level: Info
2024-11-18 16:18:26.410 [info] Validating found git in: "git"
2024-11-18 16:18:26.410 [info] Using git "2.34.1" from "git"
2024-11-18 16:18:26.424 [info] > git rev-parse --show-toplevel [13ms]
2024-11-18 16:18:26.440 [info] > git rev-parse --git-dir --git-common-dir [3ms]
2024-11-18 16:18:26.464 [info] Open repository: /home/mouad/Documents/Epitech/Trinity/DevOps
2024-11-18 16:18:26.499 [info] > git rev-parse --show-toplevel [12ms]
2024-11-18 16:18:26.501 [info] > git config --get commit.template [24ms]
2024-11-18 16:18:26.526 [info] > git rev-parse --show-toplevel [14ms]
2024-11-18 16:18:26.540 [info] > git for-each-ref --format=%(refname)%00%(upstream:short)%00%(objectname)%00%(upstream:track)%00%(upstream:remotename)%00%(upstream:remoteref) refs/heads/branch-test-2 refs/remotes/branch-test-2 [16ms]
2024-11-18 16:18:26.542 [info] > git rev-parse --show-toplevel [3ms]
2024-11-18 16:18:26.576 [info] > git status -z -uall [11ms]
2024-11-18 16:18:26.606 [info] > git rev-parse --show-toplevel [54ms]
2024-11-18 16:18:26.643 [info] > git merge-base refs/heads/branch-test-2 refs/remotes/origin/branch-test-2 [47ms]
2024-11-18 16:18:26.691 [info] > git rev-list --count --left-right refs/heads/branch-test-2...refs/remotes/origin/branch-test-2 [32ms]
2024-11-18 16:18:26.707 [info] > git rev-parse --show-toplevel [65ms]
2024-11-18 16:18:26.711 [info] > git config --get commit.template [84ms]
2024-11-18 16:18:26.737 [info] > git diff --name-status -z --diff-filter=ADMR c7f665fce835e5b2581477b8b7973ddd6bb16ae6...refs/remotes/origin/branch-test-2 [30ms]
2024-11-18 16:18:26.755 [info] > git for-each-ref --format=%(refname)%00%(upstream:short)%00%(objectname)%00%(upstream:track)%00%(upstream:remotename)%00%(upstream:remoteref) refs/heads/branch-test-2 refs/remotes/branch-test-2 [18ms]
2024-11-18 16:18:26.774 [info] > git status -z -uall [5ms]
2024-11-18 16:18:29.185 [info] > git check-ignore -v -z --stdin [83ms]
2024-11-18 16:18:29.190 [info] > git fetch [2727ms]
2024-11-18 16:18:29.492 [info] > git config --get commit.template [6ms]
2024-11-18 16:18:29.534 [info] > git for-each-ref --format=%(refname)%00%(upstream:short)%00%(objectname)%00%(upstream:track)%00%(upstream:remotename)%00%(upstream:remoteref) refs/heads/branch-test-2 refs/remotes/branch-test-2 [30ms]
2024-11-18 16:18:29.605 [info] > git status -z -uall [37ms]
2024-11-18 16:18:30.805 [info] > git show --textconv :backend/backend/Controllers/WeatherForecastController.cs [41ms]
2024-11-18 16:18:30.805 [info] > git ls-files --stage -- /home/mouad/Documents/Epitech/Trinity/DevOps/backend/backend/Controllers/WeatherForecastController.cs [29ms]
2024-11-18 16:18:30.836 [info] > git cat-file -s f71653daf7c381f96de0d4a5fb899c0cb3b974d5 [18ms]
2024-11-18 16:18:32.560 [info] > git config --local branch.branch-test-2.github-pr-owner-number [11ms]
2024-11-18 16:18:32.560 [warning] git config failed: Failed to execute git
2024-11-18 16:18:33.021 [info] > git config --get commit.template [10ms]
2024-11-18 16:18:33.063 [info] > git for-each-ref --format=%(refname)%00%(upstream:short)%00%(objectname)%00%(upstream:track)%00%(upstream:remotename)%00%(upstream:remoteref) refs/heads/branch-test-2 refs/remotes/branch-test-2 [26ms]
2024-11-18 16:18:33.116 [info] > git status -z -uall [37ms]
2024-11-18 16:18:35.069 [info] > git check-ignore -v -z --stdin [27ms]
2024-11-18 16:18:37.818 [info] > git check-ignore -v -z --stdin [65ms]
2024-11-18 16:19:26.505 [info] > git config --get commit.template [36ms]
2024-11-18 16:19:26.551 [info] > git ls-files --stage -- /home/mouad/Documents/Epitech/Trinity/DevOps/backend/backend/Controllers/WeatherForecastController.cs [28ms]
2024-11-18 16:19:26.586 [info] > git cat-file -s f71653daf7c381f96de0d4a5fb899c0cb3b974d5 [16ms]
2024-11-18 16:19:26.612 [info] > git for-each-ref --format=%(refname)%00%(upstream:short)%00%(objectname)%00%(upstream:track)%00%(upstream:remotename)%00%(upstream:remoteref) refs/heads/branch-test-2 refs/remotes/branch-test-2 [75ms]
2024-11-18 16:19:26.625 [info] > git show --textconv :backend/backend/Controllers/WeatherForecastController.cs [21ms]
2024-11-18 16:19:26.645 [info] > git status -z -uall [21ms]
2024-11-18 16:20:20.871 [info] > git config --get commit.template [2ms]
2024-11-18 16:20:20.883 [info] > git for-each-ref --format=%(refname)%00%(upstream:short)%00%(objectname)%00%(upstream:track)%00%(upstream:remotename)%00%(upstream:remoteref) refs/heads/branch-test-2 refs/remotes/branch-test-2 [2ms]
2024-11-18 16:20:20.896 [info] > git status -z -uall [3ms]
2024-11-18 16:20:20.973 [info] > git ls-files --stage -- /home/mouad/Documents/Epitech/Trinity/DevOps/backend/backend/Controllers/WeatherForecastController.cs [2ms]
2024-11-18 16:20:20.984 [info] > git cat-file -s f71653daf7c381f96de0d4a5fb899c0cb3b974d5 [1ms]
2024-11-18 16:20:20.998 [info] > git show --textconv :backend/backend/Controllers/WeatherForecastController.cs [2ms]
2024-11-18 16:21:20.869 [info] > git config --get commit.template [12ms]
2024-11-18 16:21:20.874 [info] > git for-each-ref --format=%(refname)%00%(upstream:short)%00%(objectname)%00%(upstream:track)%00%(upstream:remotename)%00%(upstream:remoteref) refs/heads/branch-test-2 refs/remotes/branch-test-2 [6ms]
2024-11-18 16:21:20.887 [info] > git status -z -uall [2ms]
2024-11-18 16:21:20.960 [info] > git ls-files --stage -- /home/mouad/Documents/Epitech/Trinity/DevOps/backend/backend/Controllers/WeatherForecastController.cs [2ms]
2024-11-18 16:21:20.972 [info] > git cat-file -s f71653daf7c381f96de0d4a5fb899c0cb3b974d5 [1ms]
2024-11-18 16:21:20.984 [info] > git show --textconv :backend/backend/Controllers/WeatherForecastController.cs [1ms]
2024-11-18 16:21:30.819 [info] > git ls-files --stage -- /home/mouad/Documents/Epitech/Trinity/DevOps/backend/backend/Controllers/WeatherForecastController.cs [2ms]
2024-11-18 16:21:30.830 [info] > git cat-file -s f71653daf7c381f96de0d4a5fb899c0cb3b974d5 [1ms]
2024-11-18 16:21:30.842 [info] > git show --textconv :backend/backend/Controllers/WeatherForecastController.cs [1ms]
2024-11-18 16:21:31.445 [info] > git fetch [1822ms]
2024-11-18 16:21:31.470 [info] > git for-each-ref --format=%(refname)%00%(upstream:short)%00%(objectname)%00%(upstream:track)%00%(upstream:remotename)%00%(upstream:remoteref) refs/heads/branch-test-2 refs/remotes/branch-test-2 [2ms]
2024-11-18 16:21:31.470 [info] > git config --get commit.template [14ms]
2024-11-18 16:21:31.492 [info] > git status -z -uall [11ms]
2024-11-18 16:21:32.539 [info] > git config --get commit.template [12ms]
2024-11-18 16:21:32.539 [info] > git for-each-ref --format=%(refname)%00%(upstream:short)%00%(objectname)%00%(upstream:track)%00%(upstream:remotename)%00%(upstream:remoteref) refs/heads/branch-test-2 refs/remotes/branch-test-2 [2ms]
2024-11-18 16:21:32.552 [info] > git status -z -uall [1ms]
2024-11-18 16:21:32.629 [info] > git ls-files --stage -- /home/mouad/Documents/Epitech/Trinity/DevOps/backend/backend/Controllers/WeatherForecastController.cs [2ms]
2024-11-18 16:21:32.640 [info] > git cat-file -s f71653daf7c381f96de0d4a5fb899c0cb3b974d5 [1ms]
2024-11-18 16:21:32.653 [info] > git show --textconv :backend/backend/Controllers/WeatherForecastController.cs [2ms]
2024-11-18 16:22:07.807 [info] > git config --get commit.template [13ms]
2024-11-18 16:22:07.809 [info] > git for-each-ref --format=%(refname)%00%(upstream:short)%00%(objectname)%00%(upstream:track)%00%(upstream:remotename)%00%(upstream:remoteref) refs/heads/branch-test-2 refs/remotes/branch-test-2 [3ms]
2024-11-18 16:22:07.822 [info] > git status -z -uall [2ms]
2024-11-18 16:22:19.162 [info] > git show --textconv :backend/backend/Program.cs [12ms]
2024-11-18 16:22:19.163 [info] > git ls-files --stage -- /home/mouad/Documents/Epitech/Trinity/DevOps/backend/backend/Program.cs [2ms]
2024-11-18 16:22:19.177 [info] > git cat-file -s df2434ce317e34820ce9ff7772e5e9ae829eabf8 [4ms]
2024-11-18 16:22:20.463 [info] > git config --get commit.template [12ms]
2024-11-18 16:22:20.467 [info] > git for-each-ref --format=%(refname)%00%(upstream:short)%00%(objectname)%00%(upstream:track)%00%(upstream:remotename)%00%(upstream:remoteref) refs/heads/branch-test-2 refs/remotes/branch-test-2 [4ms]
2024-11-18 16:22:20.479 [info] > git status -z -uall [2ms]
2024-11-18 16:22:20.552 [info] > git ls-files --stage -- /home/mouad/Documents/Epitech/Trinity/DevOps/backend/backend/Program.cs [2ms]
2024-11-18 16:22:20.563 [info] > git cat-file -s df2434ce317e34820ce9ff7772e5e9ae829eabf8 [2ms]
2024-11-18 16:22:20.578 [info] > git show --textconv :backend/backend/Program.cs [2ms]
2024-11-18 16:22:46.266 [info] > git check-ignore -v -z --stdin [1ms]
2024-11-18 16:22:57.287 [info] > git config --get commit.template [15ms]
2024-11-18 16:22:57.291 [info] > git for-each-ref --format=%(refname)%00%(upstream:short)%00%(objectname)%00%(upstream:track)%00%(upstream:remotename)%00%(upstream:remoteref) refs/heads/branch-test-2 refs/remotes/branch-test-2 [5ms]
2024-11-18 16:22:57.305 [info] > git status -z -uall [3ms]
2024-11-18 16:22:59.933 [info] > git check-ignore -v -z --stdin [2ms]
2024-11-18 16:23:01.815 [info] > git show --textconv :backend/Tests/UnitTest1.cs [15ms]
2024-11-18 16:23:01.816 [info] > git ls-files --stage -- /home/mouad/Documents/Epitech/Trinity/DevOps/backend/Tests/UnitTest1.cs [2ms]
2024-11-18 16:23:01.829 [info] > git cat-file -s 929394897bf4997a2e7fd7b79c02f5b155fd728b [2ms]
2024-11-18 16:23:02.054 [info] > git check-ignore -v -z --stdin [1ms]
2024-11-18 16:23:02.335 [info] > git config --get commit.template [15ms]
2024-11-18 16:23:02.338 [info] > git for-each-ref --format=%(refname)%00%(upstream:short)%00%(objectname)%00%(upstream:track)%00%(upstream:remotename)%00%(upstream:remoteref) refs/heads/branch-test-2 refs/remotes/branch-test-2 [4ms]
2024-11-18 16:23:02.353 [info] > git status -z -uall [3ms]
2024-11-18 16:23:31.928 [info] > git config --local branch.branch-test-2.github-pr-owner-number [2ms]
2024-11-18 16:23:31.928 [warning] git config failed: Failed to execute git
2024-11-18 16:25:12.464 [info] > git ls-files --stage -- /home/mouad/Documents/Epitech/Trinity/DevOps/backend/Tests/UnitTest1.cs [16ms]
2024-11-18 16:25:12.477 [info] > git config --get commit.template [45ms]
2024-11-18 16:25:12.491 [info] > git cat-file -s 929394897bf4997a2e7fd7b79c02f5b155fd728b [14ms]
2024-11-18 16:25:12.493 [info] > git for-each-ref --format=%(refname)%00%(upstream:short)%00%(objectname)%00%(upstream:track)%00%(upstream:remotename)%00%(upstream:remoteref) refs/heads/main refs/remotes/main [1ms]
2024-11-18 16:25:12.520 [info] > git show --textconv :backend/Tests/UnitTest1.cs [14ms]
2024-11-18 16:25:12.525 [info] > git status -z -uall [6ms]
2024-11-18 16:25:12.559 [info] > git merge-base refs/heads/main refs/remotes/origin/main [20ms]
2024-11-18 16:25:12.572 [info] > git config --local branch.main.github-pr-owner-number [14ms]
2024-11-18 16:25:12.572 [warning] git config failed: Failed to execute git
2024-11-18 16:25:12.574 [info] > git rev-list --count --left-right refs/heads/main...refs/remotes/origin/main [4ms]
2024-11-18 16:25:12.588 [info] > git diff --name-status -z --diff-filter=ADMR 1ac223d825608c8edabca958f9f2d18d2ef5fa80...refs/remotes/origin/main [2ms]
2024-11-18 16:25:13.622 [info] > git ls-files --stage -- /home/mouad/Documents/Epitech/Trinity/DevOps/backend/Tests/UnitTest1.cs [1ms]
2024-11-18 16:25:13.633 [info] > git cat-file -s 929394897bf4997a2e7fd7b79c02f5b155fd728b [1ms]
2024-11-18 16:25:13.647 [info] > git show --textconv :backend/Tests/UnitTest1.cs [2ms]
2024-11-18 16:25:13.931 [info] > git fetch [1515ms]
2024-11-18 16:25:13.953 [info] > git config --get commit.template [11ms]
2024-11-18 16:25:13.954 [info] > git for-each-ref --format=%(refname)%00%(upstream:short)%00%(objectname)%00%(upstream:track)%00%(upstream:remotename)%00%(upstream:remoteref) refs/heads/main refs/remotes/main [2ms]
2024-11-18 16:25:13.966 [info] > git status -z -uall [2ms]
2024-11-18 16:25:15.119 [info] > git ls-files --stage -- /home/mouad/Documents/Epitech/Trinity/DevOps/backend/Tests/UnitTest1.cs [2ms]
2024-11-18 16:25:15.131 [info] > git cat-file -s 929394897bf4997a2e7fd7b79c02f5b155fd728b [2ms]
2024-11-18 16:25:15.145 [info] > git show --textconv :backend/Tests/UnitTest1.cs [2ms]
