2024-11-18 11:23:19.739 [info] Log level: Info
2024-11-18 11:23:19.739 [info] Validating found git in: "git"
2024-11-18 11:23:19.739 [info] Using git "2.34.1" from "git"
2024-11-18 11:23:19.739 [info] > git rev-parse --show-toplevel [21ms]
2024-11-18 11:23:19.739 [info] > git rev-parse --git-dir --git-common-dir [166ms]
2024-11-18 11:23:19.739 [info] Open repository: /home/mouad/Documents/Epitech/Trinity/DevOps
2024-11-18 11:23:19.741 [info] > git rev-parse --show-toplevel [12ms]
2024-11-18 11:23:19.742 [info] > git config --get commit.template [21ms]
2024-11-18 11:23:19.810 [info] > git rev-parse --show-toplevel [18ms]
2024-11-18 11:23:19.884 [info] > git for-each-ref --format=%(refname)%00%(upstream:short)%00%(objectname)%00%(upstream:track)%00%(upstream:remotename)%00%(upstream:remoteref) refs/heads/main refs/remotes/main [79ms]
2024-11-18 11:23:19.894 [info] > git rev-parse --show-toplevel [11ms]
2024-11-18 11:23:19.958 [info] > git rev-parse --show-toplevel [11ms]
2024-11-18 11:23:20.079 [info] > git status -z -uall [107ms]
2024-11-18 11:23:20.153 [info] > git merge-base refs/heads/main refs/remotes/origin/main [61ms]
2024-11-18 11:23:20.170 [info] > git config --get commit.template [28ms]
2024-11-18 11:23:20.178 [info] > git rev-list --count --left-right refs/heads/main...refs/remotes/origin/main [13ms]
2024-11-18 11:23:20.307 [info] > git check-ignore -v -z --stdin [15ms]
2024-11-18 11:23:20.309 [info] > git for-each-ref --format=%(refname)%00%(upstream:short)%00%(objectname)%00%(upstream:track)%00%(upstream:remotename)%00%(upstream:remoteref) refs/heads/main refs/remotes/main [102ms]
2024-11-18 11:23:20.310 [info] > git diff --name-status -z --diff-filter=ADMR 7207c98009df16ecc81e3a3d60463bbf11f6898a...refs/remotes/origin/main [119ms]
2024-11-18 11:23:20.375 [info] > git status -z -uall [17ms]
2024-11-18 11:23:20.815 [info] > git show --textconv :backend/backend/Controllers/WeatherForecastController.cs [35ms]
2024-11-18 11:23:20.815 [info] > git ls-files --stage -- /home/mouad/Documents/Epitech/Trinity/DevOps/backend/backend/Controllers/WeatherForecastController.cs [19ms]
2024-11-18 11:23:20.848 [info] > git cat-file -s 5455c63b1f746f23249f5abab4e0c96c314e040e [20ms]
2024-11-18 11:23:21.167 [info] > git fetch [1504ms]
2024-11-18 11:23:21.185 [info] > git config --get commit.template [6ms]
2024-11-18 11:23:21.210 [info] > git for-each-ref --format=%(refname)%00%(upstream:short)%00%(objectname)%00%(upstream:track)%00%(upstream:remotename)%00%(upstream:remoteref) refs/heads/main refs/remotes/main [14ms]
2024-11-18 11:23:21.226 [info] > git status -z -uall [4ms]
2024-11-18 11:23:21.474 [info] > git config --get commit.template [14ms]
2024-11-18 11:23:21.500 [info] > git for-each-ref --format=%(refname)%00%(upstream:short)%00%(objectname)%00%(upstream:track)%00%(upstream:remotename)%00%(upstream:remoteref) refs/heads/main refs/remotes/main [27ms]
2024-11-18 11:23:21.528 [info] > git status -z -uall [6ms]
2024-11-18 11:23:21.985 [info] > git config --local branch.main.github-pr-owner-number [28ms]
2024-11-18 11:23:21.985 [warning] git config failed: Failed to execute git
2024-11-18 11:23:22.409 [info] > git config --get commit.template [20ms]
2024-11-18 11:23:22.412 [info] > git for-each-ref --format=%(refname)%00%(upstream:short)%00%(objectname)%00%(upstream:track)%00%(upstream:remotename)%00%(upstream:remoteref) refs/heads/main refs/remotes/main [5ms]
2024-11-18 11:23:22.446 [info] > git status -z -uall [21ms]
2024-11-18 11:23:22.644 [info] > git ls-files --stage -- /home/mouad/Documents/Epitech/Trinity/DevOps/backend/backend/Controllers/WeatherForecastController.cs [14ms]
2024-11-18 11:23:22.661 [info] > git cat-file -s 5455c63b1f746f23249f5abab4e0c96c314e040e [4ms]
2024-11-18 11:23:22.683 [info] > git show --textconv :backend/backend/Controllers/WeatherForecastController.cs [4ms]
2024-11-18 11:23:23.906 [info] > git check-ignore -v -z --stdin [3ms]
2024-11-18 11:23:26.160 [info] > git check-ignore -v -z --stdin [18ms]
2024-11-18 11:23:26.870 [info] > git check-ignore -v -z --stdin [3ms]
2024-11-18 11:23:28.636 [info] > git config --get commit.template [12ms]
2024-11-18 11:23:28.639 [info] > git for-each-ref --format=%(refname)%00%(upstream:short)%00%(objectname)%00%(upstream:track)%00%(upstream:remotename)%00%(upstream:remoteref) refs/heads/main refs/remotes/main [3ms]
2024-11-18 11:23:28.654 [info] > git status -z -uall [3ms]
2024-11-18 11:23:29.715 [info] > git check-ignore -v -z --stdin [1ms]
2024-11-18 11:23:45.733 [info] > git check-ignore -v -z --stdin [1ms]
