2024-11-18 13:48:58.091 [info] Reading sessions from keychain...
2024-11-18 13:48:58.091 [info] Getting sessions for all scopes...
2024-11-18 13:48:58.091 [info] Getting sessions for user:email...
2024-11-18 13:48:58.091 [info] Got stored sessions!
2024-11-18 13:48:58.091 [info] Got 3 verified sessions.
2024-11-18 13:48:58.091 [info] Got 3 sessions for ...
2024-11-18 13:48:58.091 [info] Got 1 sessions for user:email...
2024-11-18 13:48:58.091 [info] Getting sessions for all scopes...
2024-11-18 13:48:58.091 [info] Got 3 sessions for ...
2024-11-18 13:49:01.325 [info] Getting sessions for read:user,repo,user:email,workflow...
2024-11-18 13:49:01.325 [info] Got 1 sessions for read:user,repo,user:email,workflow...
2024-11-18 13:49:01.376 [info] Getting sessions for all scopes...
2024-11-18 13:49:01.376 [info] Got 3 sessions for ...
2024-11-18 13:49:01.391 [info] Getting sessions for project,read:org,read:user,repo,user:email,workflow...
2024-11-18 13:49:01.391 [info] Got 0 sessions for project,read:org,read:user,repo,user:email,workflow...
2024-11-18 13:49:01.709 [info] Getting sessions for read:user,repo,user:email,workflow...
2024-11-18 13:49:01.709 [info] Got 1 sessions for read:user,repo,user:email,workflow...
2024-11-18 13:49:02.336 [info] Getting sessions for user:email...
2024-11-18 13:49:02.336 [info] Got 1 sessions for user:email...
2024-11-18 13:49:02.337 [info] Getting sessions for all scopes...
2024-11-18 13:49:02.337 [info] Got 3 sessions for ...
2024-11-18 13:49:02.375 [info] Getting sessions for read:user,repo,user:email,workflow...
2024-11-18 13:49:02.375 [info] Got 1 sessions for read:user,repo,user:email,workflow...
2024-11-18 13:49:03.855 [info] Getting sessions for read:user,repo,user:email,workflow...
2024-11-18 13:49:03.856 [info] Got 1 sessions for read:user,repo,user:email,workflow...
2024-11-18 13:49:04.026 [info] Getting sessions for all scopes...
2024-11-18 13:49:04.026 [info] Got 3 sessions for ...
2024-11-18 14:14:02.523 [info] Getting sessions for read:user,repo,user:email,workflow...
2024-11-18 14:14:02.524 [info] Got 1 sessions for read:user,repo,user:email,workflow...
2024-11-18 14:14:03.113 [info] Getting sessions for read:user,repo,user:email,workflow...
2024-11-18 14:14:03.113 [info] Got 1 sessions for read:user,repo,user:email,workflow...
2024-11-18 14:14:03.789 [info] Getting sessions for read:user,repo,user:email,workflow...
2024-11-18 14:14:03.790 [info] Got 1 sessions for read:user,repo,user:email,workflow...
