2024-11-18 16:16:59.089 [info] Reading sessions from keychain...
2024-11-18 16:16:59.090 [info] Getting sessions for all scopes...
2024-11-18 16:16:59.090 [info] Getting sessions for user:email...
2024-11-18 16:16:59.090 [info] Got stored sessions!
2024-11-18 16:16:59.090 [info] Got 3 verified sessions.
2024-11-18 16:16:59.090 [info] Got 3 sessions for ...
2024-11-18 16:16:59.090 [info] Got 1 sessions for user:email...
2024-11-18 16:16:59.090 [info] Getting sessions for all scopes...
2024-11-18 16:16:59.090 [info] Got 3 sessions for ...
2024-11-18 16:17:00.839 [info] Getting sessions for read:user,repo,user:email,workflow...
2024-11-18 16:17:00.840 [info] Got 1 sessions for read:user,repo,user:email,workflow...
2024-11-18 16:17:00.928 [info] Getting sessions for project,read:org,read:user,repo,user:email,workflow...
2024-11-18 16:17:00.928 [info] Got 0 sessions for project,read:org,read:user,repo,user:email,workflow...
2024-11-18 16:17:00.960 [info] Getting sessions for all scopes...
2024-11-18 16:17:00.960 [info] Got 3 sessions for ...
2024-11-18 16:17:01.393 [info] Getting sessions for read:user,repo,user:email,workflow...
2024-11-18 16:17:01.393 [info] Got 1 sessions for read:user,repo,user:email,workflow...
2024-11-18 16:17:02.013 [info] Getting sessions for user:email...
2024-11-18 16:17:02.018 [info] Got 1 sessions for user:email...
2024-11-18 16:17:02.020 [info] Getting sessions for all scopes...
2024-11-18 16:17:02.020 [info] Got 3 sessions for ...
2024-11-18 16:17:02.309 [info] Getting sessions for read:user,repo,user:email,workflow...
2024-11-18 16:17:02.309 [info] Got 1 sessions for read:user,repo,user:email,workflow...
2024-11-18 16:17:11.287 [info] Getting sessions for read:user,repo,user:email,workflow...
2024-11-18 16:17:11.288 [info] Got 1 sessions for read:user,repo,user:email,workflow...
2024-11-18 16:17:11.364 [info] Getting sessions for all scopes...
2024-11-18 16:17:11.364 [info] Got 3 sessions for ...
